2018-08-21 09:57:08,383 level-ERROR    zhengtao is logging and permission is [u'resetdate', u'sqlcommand', u'checkversion', u'gmcommand', u'closeserver', u'openserver', u'servermanager', u'displayresetversion', u'checkserverstat', u'bootgame', u'update_front', u'update_javascripts', u'update_java', u'ywupdate', u'ywtools', u'javalog', u'phplog', u'logs', u'permission', u'role', u'user', u'system', u'root']
2018-08-21 09:57:14,896 level-ERROR    zhengtao is logging and permission is [u'resetdate', u'sqlcommand', u'checkversion', u'gmcommand', u'closeserver', u'openserver', u'servermanager', u'displayresetversion', u'checkserverstat', u'bootgame', u'update_front', u'update_javascripts', u'update_java', u'ywupdate', u'ywtools', u'javalog', u'phplog', u'logs', u'permission', u'role', u'user', u'system', u'root']
2018-08-21 09:57:33,578 level-ERROR    zhengtao is logging and permission is [u'resetdate', u'sqlcommand', u'checkversion', u'gmcommand', u'closeserver', u'openserver', u'servermanager', u'displayresetversion', u'checkserverstat', u'bootgame', u'update_front', u'update_javascripts', u'update_java', u'ywupdate', u'ywtools', u'javalog', u'phplog', u'logs', u'permission', u'role', u'user', u'system', u'root']
2018-08-21 09:58:31,409 level-ERROR    zhengtao is logging and permission is [u'resetdate', u'sqlcommand', u'checkversion', u'gmcommand', u'closeserver', u'openserver', u'servermanager', u'displayresetversion', u'checkserverstat', u'bootgame', u'update_front', u'update_javascripts', u'update_java', u'ywupdate', u'ywtools', u'javalog', u'phplog', u'logs', u'permission', u'role', u'user', u'system', u'root']
2018-08-21 10:00:49,209 level-ERROR    Traceback (most recent call last):
  File "/data/BxcqMloms/app/mylibs/getmdsapi.py", line 36, in getagent
    resp = urllib2.urlopen(req)
  File "/usr/lib64/python2.6/urllib2.py", line 126, in urlopen
    return _opener.open(url, data, timeout)
  File "/usr/lib64/python2.6/urllib2.py", line 397, in open
    response = meth(req, response)
  File "/usr/lib64/python2.6/urllib2.py", line 510, in http_response
    'http', request, response, code, msg, hdrs)
  File "/usr/lib64/python2.6/urllib2.py", line 435, in error
    return self._call_chain(*args)
  File "/usr/lib64/python2.6/urllib2.py", line 369, in _call_chain
    result = func(*args)
  File "/usr/lib64/python2.6/urllib2.py", line 518, in http_error_default
    raise HTTPError(req.get_full_url(), code, msg, hdrs, fp)
HTTPError: HTTP Error 502: Bad Gateway

2018-08-21 10:00:49,352 level-ERROR    Traceback (most recent call last):
  File "/data/BxcqMloms/app/mylibs/getmdsapi.py", line 71, in getallserver
    resp = urllib2.urlopen(req)
  File "/usr/lib64/python2.6/urllib2.py", line 126, in urlopen
    return _opener.open(url, data, timeout)
  File "/usr/lib64/python2.6/urllib2.py", line 397, in open
    response = meth(req, response)
  File "/usr/lib64/python2.6/urllib2.py", line 510, in http_response
    'http', request, response, code, msg, hdrs)
  File "/usr/lib64/python2.6/urllib2.py", line 435, in error
    return self._call_chain(*args)
  File "/usr/lib64/python2.6/urllib2.py", line 369, in _call_chain
    result = func(*args)
  File "/usr/lib64/python2.6/urllib2.py", line 518, in http_error_default
    raise HTTPError(req.get_full_url(), code, msg, hdrs, fp)
HTTPError: HTTP Error 502: Bad Gateway

2018-08-21 10:04:16,276 level-ERROR    huheng is logging and permission is [u'resetdate', u'sqlcommand', u'checkversion', u'gmcommand', u'closeserver', u'openserver', u'servermanager', u'displayresetversion', u'checkserverstat', u'bootgame', u'update_front', u'update_javascripts', u'update_java', u'ywupdate', u'ywtools', u'root']
2018-08-21 10:04:16,453 level-ERROR    AllPlatMsg is [{'gameAlias': u'bxcq', 'platformId': 2, 'platformAlias': u'qq', 'gameId': 27, 'configId': 1, 'platformName': u'qq'}, {'gameAlias': u'bxcq', 'platformId': 14, 'platformAlias': u'tencent', 'gameId': 27, 'configId': 2, 'platformName': u'tencent'}, {'gameAlias': u'bxcq', 'platformId': 15, 'platformAlias': u'108qu_rxsj', 'gameId': 27, 'configId': 3, 'platformName': u'108qu_rxsj'}, {'gameAlias': u'bxcq', 'platformId': 16, 'platformAlias': u'bengwan_rxsj', 'gameId': 27, 'configId': 4, 'platformName': u'bengwan_rxsj'}, {'gameAlias': u'bxcq', 'platformId': 17, 'platformAlias': u'354yx_rxsj', 'gameId': 27, 'configId': 5, 'platformName': u'354yx_rxsj'}, {'gameAlias': u'bxcq', 'platformId': 18, 'platformAlias': u'6344_rxsj', 'gameId': 27, 'configId': 6, 'platformName': u'6344_rxsj'}, {'gameAlias': u'bxcq', 'platformId': 19, 'platformAlias': u'mayi_rxsj', 'gameId': 27, 'configId': 7, 'platformName': u'mayi_rxsj'}, {'gameAlias': u'bxcq', 'platformId': 21, 'platformAlias': u'new6344_rxsj', 'gameId': 27, 'configId': 9, 'platformName': u'new6344_rxsj'}, {'gameAlias': u'bxcq', 'platformId': 26, 'platformAlias': u'306yx_rxsj', 'gameId': 27, 'configId': 26, 'platformName': u'306yx_rxsj'}, {'gameAlias': u'bxcq', 'platformId': 27, 'platformAlias': u'uc699_rxsj', 'gameId': 27, 'configId': 27, 'platformName': u'uc699_rxsj'}, {'gameAlias': u'bxcq', 'platformId': 29, 'platformAlias': u'aiyx666_rxsj', 'gameId': 27, 'configId': 29, 'platformName': u'aiyx666_rxsj'}, {'gameAlias': u'bxcq', 'platformId': 31, 'platformAlias': u'511wan_rxsj', 'gameId': 27, 'configId': 31, 'platformName': u'511wan_rxsj'}, {'gameAlias': u'bxcq', 'platformId': 32, 'platformAlias': u'7u6u_rxsj', 'gameId': 27, 'configId': 32, 'platformName': u'7u6u_rxsj'}, {'gameAlias': u'bxcq', 'platformId': 33, 'platformAlias': u'5vwan_rxsj', 'gameId': 27, 'configId': 33, 'platformName': u'5vwan_rxsj'}, {'gameAlias': u'bxcq', 'platformId': 34, 'platformAlias': u'9hou_rxsj', 'gameId': 27, 'configId': 34, 'platformName': u'9hou_rxsj'}, {'gameAlias': u'bxcq', 'platformId': 35, 'platformAlias': u'nbengwan_rxsj', 'gameId': 27, 'configId': 35, 'platformName': u'nbengwan_rxsj'}]
2018-08-21 10:11:42,375 level-ERROR    {"serverListStr": "[{\"gameId\": 27, \"platformId\": \"14\", \"platformAlias\": \"tencent\", \"isCombined\": \"false\", \"configId\": 2, \"sumzone\": 3, \"unicomIp\": \"\", \"isDeleted\": \"false\", \"gameAlias\": \"bxcq\", \"iszone\": \"349\", \"serverName\": \"tencent 349\\u670d\", \"serverIp\": \"119.29.254.176\", \"serverOrder\": \"0\", \"serverId\": \"349\", \"platformName\": \"tencent\"}]", "gameId": "27", "systemId": "27", "sign": "50B99BBD931BF335CE6B616CC5D0571D", "time": 1534817502000}
2018-08-21 10:11:42,513 level-ERROR    insert mds result : {"result":"true"}
2018-08-21 10:11:42,514 level-ERROR    {"serverListStr": "[{\"gameId\": 27, \"platformId\": \"14\", \"platformAlias\": \"tencent\", \"isCombined\": \"false\", \"configId\": 2, \"sumzone\": 3, \"unicomIp\": \"\", \"isDeleted\": \"false\", \"gameAlias\": \"bxcq\", \"iszone\": \"349\", \"serverName\": \"tencent 350\\u670d\", \"serverIp\": \"111.230.177.151\", \"serverOrder\": \"0\", \"serverId\": \"350\", \"platformName\": \"tencent\"}]", "gameId": "27", "systemId": "27", "sign": "50B99BBD931BF335CE6B616CC5D0571D", "time": 1534817502000}
2018-08-21 10:11:42,635 level-ERROR    insert mds result : {"result":"true"}
2018-08-21 10:11:42,636 level-ERROR    {"serverListStr": "[{\"gameId\": 27, \"platformId\": \"14\", \"platformAlias\": \"tencent\", \"isCombined\": \"false\", \"configId\": 2, \"sumzone\": 3, \"unicomIp\": \"\", \"isDeleted\": \"false\", \"gameAlias\": \"bxcq\", \"iszone\": \"349\", \"serverName\": \"tencent 351\\u670d\", \"serverIp\": \"111.230.177.151\", \"serverOrder\": \"0\", \"serverId\": \"351\", \"platformName\": \"tencent\"}]", "gameId": "27", "systemId": "27", "sign": "50B99BBD931BF335CE6B616CC5D0571D", "time": 1534817502000}
2018-08-21 10:11:42,759 level-ERROR    insert mds result : {"result":"true"}
2018-08-21 10:11:42,759 level-ERROR    {"serverListStr": "[{\"gameId\": 27, \"platformId\": \"14\", \"platformAlias\": \"tencent\", \"isCombined\": \"false\", \"configId\": 2, \"sumzone\": 3, \"unicomIp\": \"\", \"isDeleted\": \"false\", \"gameAlias\": \"bxcq\", \"iszone\": \"349\", \"serverName\": \"tencent 352\\u670d\", \"serverIp\": \"111.230.177.151\", \"serverOrder\": \"0\", \"serverId\": \"352\", \"platformName\": \"tencent\"}]", "gameId": "27", "systemId": "27", "sign": "50B99BBD931BF335CE6B616CC5D0571D", "time": 1534817502000}
2018-08-21 10:11:42,895 level-ERROR    insert mds result : {"result":"true"}
2018-08-21 10:11:42,896 level-ERROR    {"serverListStr": "[{\"gameId\": 27, \"platformId\": \"14\", \"platformAlias\": \"tencent\", \"isCombined\": \"false\", \"configId\": 2, \"sumzone\": 3, \"unicomIp\": \"\", \"isDeleted\": \"false\", \"gameAlias\": \"bxcq\", \"iszone\": \"349\", \"serverName\": \"tencent 353\\u670d\", \"serverIp\": \"111.230.177.151\", \"serverOrder\": \"0\", \"serverId\": \"353\", \"platformName\": \"tencent\"}]", "gameId": "27", "systemId": "27", "sign": "50B99BBD931BF335CE6B616CC5D0571D", "time": 1534817502000}
2018-08-21 10:11:43,049 level-ERROR    insert mds result : {"result":"true"}
2018-08-21 10:11:43,049 level-ERROR    {"serverListStr": "[{\"gameId\": 27, \"platformId\": \"14\", \"platformAlias\": \"tencent\", \"isCombined\": \"false\", \"configId\": 2, \"sumzone\": 3, \"unicomIp\": \"\", \"isDeleted\": \"false\", \"gameAlias\": \"bxcq\", \"iszone\": \"349\", \"serverName\": \"tencent 354\\u670d\", \"serverIp\": \"111.230.177.151\", \"serverOrder\": \"0\", \"serverId\": \"354\", \"platformName\": \"tencent\"}]", "gameId": "27", "systemId": "27", "sign": "A13A20FBA402DBD88C9FC1BA41F399D5", "time": 1534817503000}
2018-08-21 10:11:43,175 level-ERROR    insert mds result : {"result":"true"}
2018-08-21 10:12:27,897 level-ERROR    huheng is logging and permission is [u'resetdate', u'sqlcommand', u'checkversion', u'gmcommand', u'closeserver', u'openserver', u'servermanager', u'displayresetversion', u'checkserverstat', u'bootgame', u'update_front', u'update_javascripts', u'update_java', u'ywupdate', u'ywtools', u'root']
2018-08-21 10:12:28,042 level-ERROR    AllPlatMsg is [{'gameAlias': u'bxcq', 'platformId': 2, 'platformAlias': u'qq', 'gameId': 27, 'configId': 1, 'platformName': u'qq'}, {'gameAlias': u'bxcq', 'platformId': 14, 'platformAlias': u'tencent', 'gameId': 27, 'configId': 2, 'platformName': u'tencent'}, {'gameAlias': u'bxcq', 'platformId': 15, 'platformAlias': u'108qu_rxsj', 'gameId': 27, 'configId': 3, 'platformName': u'108qu_rxsj'}, {'gameAlias': u'bxcq', 'platformId': 16, 'platformAlias': u'bengwan_rxsj', 'gameId': 27, 'configId': 4, 'platformName': u'bengwan_rxsj'}, {'gameAlias': u'bxcq', 'platformId': 17, 'platformAlias': u'354yx_rxsj', 'gameId': 27, 'configId': 5, 'platformName': u'354yx_rxsj'}, {'gameAlias': u'bxcq', 'platformId': 18, 'platformAlias': u'6344_rxsj', 'gameId': 27, 'configId': 6, 'platformName': u'6344_rxsj'}, {'gameAlias': u'bxcq', 'platformId': 19, 'platformAlias': u'mayi_rxsj', 'gameId': 27, 'configId': 7, 'platformName': u'mayi_rxsj'}, {'gameAlias': u'bxcq', 'platformId': 21, 'platformAlias': u'new6344_rxsj', 'gameId': 27, 'configId': 9, 'platformName': u'new6344_rxsj'}, {'gameAlias': u'bxcq', 'platformId': 26, 'platformAlias': u'306yx_rxsj', 'gameId': 27, 'configId': 26, 'platformName': u'306yx_rxsj'}, {'gameAlias': u'bxcq', 'platformId': 27, 'platformAlias': u'uc699_rxsj', 'gameId': 27, 'configId': 27, 'platformName': u'uc699_rxsj'}, {'gameAlias': u'bxcq', 'platformId': 29, 'platformAlias': u'aiyx666_rxsj', 'gameId': 27, 'configId': 29, 'platformName': u'aiyx666_rxsj'}, {'gameAlias': u'bxcq', 'platformId': 31, 'platformAlias': u'511wan_rxsj', 'gameId': 27, 'configId': 31, 'platformName': u'511wan_rxsj'}, {'gameAlias': u'bxcq', 'platformId': 32, 'platformAlias': u'7u6u_rxsj', 'gameId': 27, 'configId': 32, 'platformName': u'7u6u_rxsj'}, {'gameAlias': u'bxcq', 'platformId': 33, 'platformAlias': u'5vwan_rxsj', 'gameId': 27, 'configId': 33, 'platformName': u'5vwan_rxsj'}, {'gameAlias': u'bxcq', 'platformId': 34, 'platformAlias': u'9hou_rxsj', 'gameId': 27, 'configId': 34, 'platformName': u'9hou_rxsj'}, {'gameAlias': u'bxcq', 'platformId': 35, 'platformAlias': u'nbengwan_rxsj', 'gameId': 27, 'configId': 35, 'platformName': u'nbengwan_rxsj'}]
