2018-09-28 10:43:52,331 level-ERROR    Traceback (most recent call last):
  File "/data/BxcqMloms/app/mylibs/sendsocket.py", line 10, in send_socket
    SendSocket.connect(addr)
  File "<string>", line 1, in connect
error: [Errno 111] Connection refused

2018-09-28 10:43:52,332 level-ERROR    Traceback (most recent call last):
  File "/data/BxcqMloms/app/api/views.py", line 121, in CollectLoad
    loads = ipsLoadJson[i]['load']
KeyError: 0

2018-09-28 10:44:29,916 level-ERROR    Traceback (most recent call last):
  File "/data/BxcqMloms/app/mylibs/sendsocket.py", line 10, in send_socket
    SendSocket.connect(addr)
  File "<string>", line 1, in connect
error: [Errno 111] Connection refused

2018-09-28 10:44:29,917 level-ERROR    Traceback (most recent call last):
  File "/data/BxcqMloms/app/api/views.py", line 121, in CollectLoad
    loads = ipsLoadJson[i]['load']
KeyError: 0

2018-09-28 11:30:08,842 level-ERROR    huheng is logging and permission is [u'resetdate', u'sqlcommand', u'checkversion', u'gmcommand', u'closeserver', u'openserver', u'servermanager', u'displayresetversion', u'checkserverstat', u'bootgame', u'update_front', u'update_javascripts', u'update_java', u'ywupdate', u'ywtools', u'root']
2018-09-28 11:30:09,095 level-ERROR    AllPlatMsg is [{'gameAlias': u'bxcq', 'platformId': 2, 'platformAlias': u'qq', 'gameId': 27, 'configId': 1, 'platformName': u'qq'}, {'gameAlias': u'bxcq', 'platformId': 14, 'platformAlias': u'tencent', 'gameId': 27, 'configId': 2, 'platformName': u'tencent'}, {'gameAlias': u'bxcq', 'platformId': 16, 'platformAlias': u'bengwan_rxsj', 'gameId': 27, 'configId': 4, 'platformName': u'bengwan_rxsj'}, {'gameAlias': u'bxcq', 'platformId': 18, 'platformAlias': u'6344_rxsj', 'gameId': 27, 'configId': 6, 'platformName': u'6344_rxsj'}, {'gameAlias': u'bxcq', 'platformId': 19, 'platformAlias': u'mayi_rxsj', 'gameId': 27, 'configId': 7, 'platformName': u'mayi_rxsj'}, {'gameAlias': u'bxcq', 'platformId': 21, 'platformAlias': u'new6344_rxsj', 'gameId': 27, 'configId': 9, 'platformName': u'new6344_rxsj'}, {'gameAlias': u'bxcq', 'platformId': 26, 'platformAlias': u'306yx_rxsj', 'gameId': 27, 'configId': 26, 'platformName': u'306yx_rxsj'}, {'gameAlias': u'bxcq', 'platformId': 27, 'platformAlias': u'uc699_rxsj', 'gameId': 27, 'configId': 27, 'platformName': u'uc699_rxsj'}, {'gameAlias': u'bxcq', 'platformId': 29, 'platformAlias': u'aiyx666_rxsj', 'gameId': 27, 'configId': 29, 'platformName': u'aiyx666_rxsj'}, {'gameAlias': u'bxcq', 'platformId': 32, 'platformAlias': u'7u6u_rxsj', 'gameId': 27, 'configId': 32, 'platformName': u'7u6u_rxsj'}, {'gameAlias': u'bxcq', 'platformId': 33, 'platformAlias': u'5vwan_rxsj', 'gameId': 27, 'configId': 33, 'platformName': u'5vwan_rxsj'}, {'gameAlias': u'bxcq', 'platformId': 34, 'platformAlias': u'9hou_rxsj', 'gameId': 27, 'configId': 34, 'platformName': u'9hou_rxsj'}, {'gameAlias': u'bxcq', 'platformId': 35, 'platformAlias': u'nbengwan_rxsj', 'gameId': 27, 'configId': 35, 'platformName': u'nbengwan_rxsj'}, {'gameAlias': u'bxcq', 'platformId': 36, 'platformAlias': u'new9hou_rxsj', 'gameId': 27, 'configId': 36, 'platformName': u'new9hou_rxsj'}]
2018-09-28 14:05:13,781 level-ERROR    huheng is logging and permission is [u'resetdate', u'sqlcommand', u'checkversion', u'gmcommand', u'closeserver', u'openserver', u'servermanager', u'displayresetversion', u'checkserverstat', u'bootgame', u'update_front', u'update_javascripts', u'update_java', u'ywupdate', u'ywtools', u'root']
2018-09-28 14:05:14,232 level-ERROR    AllPlatMsg is [{'gameAlias': u'bxcq', 'platformId': 2, 'platformAlias': u'qq', 'gameId': 27, 'configId': 1, 'platformName': u'qq'}, {'gameAlias': u'bxcq', 'platformId': 14, 'platformAlias': u'tencent', 'gameId': 27, 'configId': 2, 'platformName': u'tencent'}, {'gameAlias': u'bxcq', 'platformId': 16, 'platformAlias': u'bengwan_rxsj', 'gameId': 27, 'configId': 4, 'platformName': u'bengwan_rxsj'}, {'gameAlias': u'bxcq', 'platformId': 18, 'platformAlias': u'6344_rxsj', 'gameId': 27, 'configId': 6, 'platformName': u'6344_rxsj'}, {'gameAlias': u'bxcq', 'platformId': 19, 'platformAlias': u'mayi_rxsj', 'gameId': 27, 'configId': 7, 'platformName': u'mayi_rxsj'}, {'gameAlias': u'bxcq', 'platformId': 21, 'platformAlias': u'new6344_rxsj', 'gameId': 27, 'configId': 9, 'platformName': u'new6344_rxsj'}, {'gameAlias': u'bxcq', 'platformId': 26, 'platformAlias': u'306yx_rxsj', 'gameId': 27, 'configId': 26, 'platformName': u'306yx_rxsj'}, {'gameAlias': u'bxcq', 'platformId': 27, 'platformAlias': u'uc699_rxsj', 'gameId': 27, 'configId': 27, 'platformName': u'uc699_rxsj'}, {'gameAlias': u'bxcq', 'platformId': 29, 'platformAlias': u'aiyx666_rxsj', 'gameId': 27, 'configId': 29, 'platformName': u'aiyx666_rxsj'}, {'gameAlias': u'bxcq', 'platformId': 32, 'platformAlias': u'7u6u_rxsj', 'gameId': 27, 'configId': 32, 'platformName': u'7u6u_rxsj'}, {'gameAlias': u'bxcq', 'platformId': 33, 'platformAlias': u'5vwan_rxsj', 'gameId': 27, 'configId': 33, 'platformName': u'5vwan_rxsj'}, {'gameAlias': u'bxcq', 'platformId': 34, 'platformAlias': u'9hou_rxsj', 'gameId': 27, 'configId': 34, 'platformName': u'9hou_rxsj'}, {'gameAlias': u'bxcq', 'platformId': 35, 'platformAlias': u'nbengwan_rxsj', 'gameId': 27, 'configId': 35, 'platformName': u'nbengwan_rxsj'}, {'gameAlias': u'bxcq', 'platformId': 36, 'platformAlias': u'new9hou_rxsj', 'gameId': 27, 'configId': 36, 'platformName': u'new9hou_rxsj'}]
