2018-10-15 09:59:11,632 level-ERROR    huheng is logging and permission is [u'resetdate', u'sqlcommand', u'checkversion', u'gmcommand', u'closeserver', u'openserver', u'servermanager', u'displayresetversion', u'checkserverstat', u'bootgame', u'update_front', u'update_javascripts', u'update_java', u'ywupdate', u'ywtools', u'root']
2018-10-15 09:59:12,039 level-ERROR    AllPlatMsg is [{'gameAlias': u'bxcq', 'platformId': 2, 'platformAlias': u'qq', 'gameId': 27, 'configId': 1, 'platformName': u'qq'}, {'gameAlias': u'bxcq', 'platformId': 14, 'platformAlias': u'tencent', 'gameId': 27, 'configId': 2, 'platformName': u'tencent'}, {'gameAlias': u'bxcq', 'platformId': 16, 'platformAlias': u'bengwan_rxsj', 'gameId': 27, 'configId': 4, 'platformName': u'bengwan_rxsj'}, {'gameAlias': u'bxcq', 'platformId': 18, 'platformAlias': u'6344_rxsj', 'gameId': 27, 'configId': 6, 'platformName': u'6344_rxsj'}, {'gameAlias': u'bxcq', 'platformId': 19, 'platformAlias': u'mayi_rxsj', 'gameId': 27, 'configId': 7, 'platformName': u'mayi_rxsj'}, {'gameAlias': u'bxcq', 'platformId': 21, 'platformAlias': u'new6344_rxsj', 'gameId': 27, 'configId': 9, 'platformName': u'new6344_rxsj'}, {'gameAlias': u'bxcq', 'platformId': 26, 'platformAlias': u'306yx_rxsj', 'gameId': 27, 'configId': 26, 'platformName': u'306yx_rxsj'}, {'gameAlias': u'bxcq', 'platformId': 27, 'platformAlias': u'uc699_rxsj', 'gameId': 27, 'configId': 27, 'platformName': u'uc699_rxsj'}, {'gameAlias': u'bxcq', 'platformId': 33, 'platformAlias': u'5vwan_rxsj', 'gameId': 27, 'configId': 33, 'platformName': u'5vwan_rxsj'}, {'gameAlias': u'bxcq', 'platformId': 34, 'platformAlias': u'9hou_rxsj', 'gameId': 27, 'configId': 34, 'platformName': u'9hou_rxsj'}, {'gameAlias': u'bxcq', 'platformId': 35, 'platformAlias': u'nbengwan_rxsj', 'gameId': 27, 'configId': 35, 'platformName': u'nbengwan_rxsj'}, {'gameAlias': u'bxcq', 'platformId': 36, 'platformAlias': u'new9hou_rxsj', 'gameId': 27, 'configId': 36, 'platformName': u'new9hou_rxsj'}]
2018-10-15 10:01:50,108 level-ERROR    zhongtao is logging and permission is [u'resetdate', u'sqlcommand', u'checkversion', u'gmcommand', u'closeserver', u'openserver', u'servermanager', u'displayresetversion', u'checkserverstat', u'bootgame', u'update_front', u'update_javascripts', u'update_java', u'ywupdate', u'ywtools', u'root']
2018-10-15 10:01:50,814 level-ERROR    AllPlatMsg is [{'gameAlias': u'bxcq', 'platformId': 2, 'platformAlias': u'qq', 'gameId': 27, 'configId': 1, 'platformName': u'qq'}, {'gameAlias': u'bxcq', 'platformId': 14, 'platformAlias': u'tencent', 'gameId': 27, 'configId': 2, 'platformName': u'tencent'}, {'gameAlias': u'bxcq', 'platformId': 16, 'platformAlias': u'bengwan_rxsj', 'gameId': 27, 'configId': 4, 'platformName': u'bengwan_rxsj'}, {'gameAlias': u'bxcq', 'platformId': 18, 'platformAlias': u'6344_rxsj', 'gameId': 27, 'configId': 6, 'platformName': u'6344_rxsj'}, {'gameAlias': u'bxcq', 'platformId': 19, 'platformAlias': u'mayi_rxsj', 'gameId': 27, 'configId': 7, 'platformName': u'mayi_rxsj'}, {'gameAlias': u'bxcq', 'platformId': 21, 'platformAlias': u'new6344_rxsj', 'gameId': 27, 'configId': 9, 'platformName': u'new6344_rxsj'}, {'gameAlias': u'bxcq', 'platformId': 26, 'platformAlias': u'306yx_rxsj', 'gameId': 27, 'configId': 26, 'platformName': u'306yx_rxsj'}, {'gameAlias': u'bxcq', 'platformId': 27, 'platformAlias': u'uc699_rxsj', 'gameId': 27, 'configId': 27, 'platformName': u'uc699_rxsj'}, {'gameAlias': u'bxcq', 'platformId': 33, 'platformAlias': u'5vwan_rxsj', 'gameId': 27, 'configId': 33, 'platformName': u'5vwan_rxsj'}, {'gameAlias': u'bxcq', 'platformId': 34, 'platformAlias': u'9hou_rxsj', 'gameId': 27, 'configId': 34, 'platformName': u'9hou_rxsj'}, {'gameAlias': u'bxcq', 'platformId': 35, 'platformAlias': u'nbengwan_rxsj', 'gameId': 27, 'configId': 35, 'platformName': u'nbengwan_rxsj'}, {'gameAlias': u'bxcq', 'platformId': 36, 'platformAlias': u'new9hou_rxsj', 'gameId': 27, 'configId': 36, 'platformName': u'new9hou_rxsj'}]
2018-10-15 10:01:52,896 level-ERROR    zhongtao is logging and permission is [u'resetdate', u'sqlcommand', u'checkversion', u'gmcommand', u'closeserver', u'openserver', u'servermanager', u'displayresetversion', u'checkserverstat', u'bootgame', u'update_front', u'update_javascripts', u'update_java', u'ywupdate', u'ywtools', u'root']
2018-10-15 10:01:53,091 level-ERROR    AllPlatMsg is [{'gameAlias': u'bxcq', 'platformId': 2, 'platformAlias': u'qq', 'gameId': 27, 'configId': 1, 'platformName': u'qq'}, {'gameAlias': u'bxcq', 'platformId': 14, 'platformAlias': u'tencent', 'gameId': 27, 'configId': 2, 'platformName': u'tencent'}, {'gameAlias': u'bxcq', 'platformId': 16, 'platformAlias': u'bengwan_rxsj', 'gameId': 27, 'configId': 4, 'platformName': u'bengwan_rxsj'}, {'gameAlias': u'bxcq', 'platformId': 18, 'platformAlias': u'6344_rxsj', 'gameId': 27, 'configId': 6, 'platformName': u'6344_rxsj'}, {'gameAlias': u'bxcq', 'platformId': 19, 'platformAlias': u'mayi_rxsj', 'gameId': 27, 'configId': 7, 'platformName': u'mayi_rxsj'}, {'gameAlias': u'bxcq', 'platformId': 21, 'platformAlias': u'new6344_rxsj', 'gameId': 27, 'configId': 9, 'platformName': u'new6344_rxsj'}, {'gameAlias': u'bxcq', 'platformId': 26, 'platformAlias': u'306yx_rxsj', 'gameId': 27, 'configId': 26, 'platformName': u'306yx_rxsj'}, {'gameAlias': u'bxcq', 'platformId': 27, 'platformAlias': u'uc699_rxsj', 'gameId': 27, 'configId': 27, 'platformName': u'uc699_rxsj'}, {'gameAlias': u'bxcq', 'platformId': 33, 'platformAlias': u'5vwan_rxsj', 'gameId': 27, 'configId': 33, 'platformName': u'5vwan_rxsj'}, {'gameAlias': u'bxcq', 'platformId': 34, 'platformAlias': u'9hou_rxsj', 'gameId': 27, 'configId': 34, 'platformName': u'9hou_rxsj'}, {'gameAlias': u'bxcq', 'platformId': 35, 'platformAlias': u'nbengwan_rxsj', 'gameId': 27, 'configId': 35, 'platformName': u'nbengwan_rxsj'}, {'gameAlias': u'bxcq', 'platformId': 36, 'platformAlias': u'new9hou_rxsj', 'gameId': 27, 'configId': 36, 'platformName': u'new9hou_rxsj'}]
2018-10-15 14:15:34,017 level-ERROR    zhongtao is logging and permission is [u'resetdate', u'sqlcommand', u'checkversion', u'gmcommand', u'closeserver', u'openserver', u'servermanager', u'displayresetversion', u'checkserverstat', u'bootgame', u'update_front', u'update_javascripts', u'update_java', u'ywupdate', u'ywtools', u'root']
2018-10-15 14:15:35,988 level-ERROR    zhongtao is logging and permission is [u'resetdate', u'sqlcommand', u'checkversion', u'gmcommand', u'closeserver', u'openserver', u'servermanager', u'displayresetversion', u'checkserverstat', u'bootgame', u'update_front', u'update_javascripts', u'update_java', u'ywupdate', u'ywtools', u'root']
2018-10-15 14:15:47,250 level-ERROR    Traceback (most recent call last):
  File "/data/BxcqMloms/app/mylibs/getmdsapi.py", line 36, in getagent
    resp = urllib2.urlopen(req)
  File "/usr/lib64/python2.6/urllib2.py", line 126, in urlopen
    return _opener.open(url, data, timeout)
  File "/usr/lib64/python2.6/urllib2.py", line 397, in open
    response = meth(req, response)
  File "/usr/lib64/python2.6/urllib2.py", line 510, in http_response
    'http', request, response, code, msg, hdrs)
  File "/usr/lib64/python2.6/urllib2.py", line 435, in error
    return self._call_chain(*args)
  File "/usr/lib64/python2.6/urllib2.py", line 369, in _call_chain
    result = func(*args)
  File "/usr/lib64/python2.6/urllib2.py", line 518, in http_error_default
    raise HTTPError(req.get_full_url(), code, msg, hdrs, fp)
HTTPError: HTTP Error 502: Bad Gateway

2018-10-15 14:15:48,978 level-ERROR    Traceback (most recent call last):
  File "/data/BxcqMloms/app/mylibs/getmdsapi.py", line 36, in getagent
    resp = urllib2.urlopen(req)
  File "/usr/lib64/python2.6/urllib2.py", line 126, in urlopen
    return _opener.open(url, data, timeout)
  File "/usr/lib64/python2.6/urllib2.py", line 397, in open
    response = meth(req, response)
  File "/usr/lib64/python2.6/urllib2.py", line 510, in http_response
    'http', request, response, code, msg, hdrs)
  File "/usr/lib64/python2.6/urllib2.py", line 435, in error
    return self._call_chain(*args)
  File "/usr/lib64/python2.6/urllib2.py", line 369, in _call_chain
    result = func(*args)
  File "/usr/lib64/python2.6/urllib2.py", line 518, in http_error_default
    raise HTTPError(req.get_full_url(), code, msg, hdrs, fp)
HTTPError: HTTP Error 502: Bad Gateway

2018-10-15 14:15:49,112 level-ERROR    zhongtao is logging and permission is [u'resetdate', u'sqlcommand', u'checkversion', u'gmcommand', u'closeserver', u'openserver', u'servermanager', u'displayresetversion', u'checkserverstat', u'bootgame', u'update_front', u'update_javascripts', u'update_java', u'ywupdate', u'ywtools', u'root']
2018-10-15 14:15:56,206 level-ERROR    Traceback (most recent call last):
  File "/data/BxcqMloms/app/mylibs/getmdsapi.py", line 36, in getagent
    resp = urllib2.urlopen(req)
  File "/usr/lib64/python2.6/urllib2.py", line 126, in urlopen
    return _opener.open(url, data, timeout)
  File "/usr/lib64/python2.6/urllib2.py", line 397, in open
    response = meth(req, response)
  File "/usr/lib64/python2.6/urllib2.py", line 510, in http_response
    'http', request, response, code, msg, hdrs)
  File "/usr/lib64/python2.6/urllib2.py", line 435, in error
    return self._call_chain(*args)
  File "/usr/lib64/python2.6/urllib2.py", line 369, in _call_chain
    result = func(*args)
  File "/usr/lib64/python2.6/urllib2.py", line 518, in http_error_default
    raise HTTPError(req.get_full_url(), code, msg, hdrs, fp)
HTTPError: HTTP Error 502: Bad Gateway

2018-10-15 14:15:57,346 level-ERROR    Traceback (most recent call last):
  File "/data/BxcqMloms/app/mylibs/getmdsapi.py", line 71, in getallserver
    resp = urllib2.urlopen(req)
  File "/usr/lib64/python2.6/urllib2.py", line 126, in urlopen
    return _opener.open(url, data, timeout)
  File "/usr/lib64/python2.6/urllib2.py", line 397, in open
    response = meth(req, response)
  File "/usr/lib64/python2.6/urllib2.py", line 510, in http_response
    'http', request, response, code, msg, hdrs)
  File "/usr/lib64/python2.6/urllib2.py", line 435, in error
    return self._call_chain(*args)
  File "/usr/lib64/python2.6/urllib2.py", line 369, in _call_chain
    result = func(*args)
  File "/usr/lib64/python2.6/urllib2.py", line 518, in http_error_default
    raise HTTPError(req.get_full_url(), code, msg, hdrs, fp)
HTTPError: HTTP Error 502: Bad Gateway

2018-10-15 14:15:59,085 level-ERROR    Traceback (most recent call last):
  File "/data/BxcqMloms/app/mylibs/getmdsapi.py", line 71, in getallserver
    resp = urllib2.urlopen(req)
  File "/usr/lib64/python2.6/urllib2.py", line 126, in urlopen
    return _opener.open(url, data, timeout)
  File "/usr/lib64/python2.6/urllib2.py", line 397, in open
    response = meth(req, response)
  File "/usr/lib64/python2.6/urllib2.py", line 510, in http_response
    'http', request, response, code, msg, hdrs)
  File "/usr/lib64/python2.6/urllib2.py", line 435, in error
    return self._call_chain(*args)
  File "/usr/lib64/python2.6/urllib2.py", line 369, in _call_chain
    result = func(*args)
  File "/usr/lib64/python2.6/urllib2.py", line 518, in http_error_default
    raise HTTPError(req.get_full_url(), code, msg, hdrs, fp)
HTTPError: HTTP Error 502: Bad Gateway

2018-10-15 14:16:08,289 level-ERROR    Traceback (most recent call last):
  File "/data/BxcqMloms/app/mylibs/getmdsapi.py", line 71, in getallserver
    resp = urllib2.urlopen(req)
  File "/usr/lib64/python2.6/urllib2.py", line 126, in urlopen
    return _opener.open(url, data, timeout)
  File "/usr/lib64/python2.6/urllib2.py", line 397, in open
    response = meth(req, response)
  File "/usr/lib64/python2.6/urllib2.py", line 510, in http_response
    'http', request, response, code, msg, hdrs)
  File "/usr/lib64/python2.6/urllib2.py", line 435, in error
    return self._call_chain(*args)
  File "/usr/lib64/python2.6/urllib2.py", line 369, in _call_chain
    result = func(*args)
  File "/usr/lib64/python2.6/urllib2.py", line 518, in http_error_default
    raise HTTPError(req.get_full_url(), code, msg, hdrs, fp)
HTTPError: HTTP Error 502: Bad Gateway

2018-10-15 14:17:10,936 level-ERROR    Traceback (most recent call last):
  File "/data/BxcqMloms/app/mylibs/getmdsapi.py", line 71, in getallserver
    resp = urllib2.urlopen(req)
  File "/usr/lib64/python2.6/urllib2.py", line 126, in urlopen
    return _opener.open(url, data, timeout)
  File "/usr/lib64/python2.6/urllib2.py", line 397, in open
    response = meth(req, response)
  File "/usr/lib64/python2.6/urllib2.py", line 510, in http_response
    'http', request, response, code, msg, hdrs)
  File "/usr/lib64/python2.6/urllib2.py", line 435, in error
    return self._call_chain(*args)
  File "/usr/lib64/python2.6/urllib2.py", line 369, in _call_chain
    result = func(*args)
  File "/usr/lib64/python2.6/urllib2.py", line 518, in http_error_default
    raise HTTPError(req.get_full_url(), code, msg, hdrs, fp)
HTTPError: HTTP Error 502: Bad Gateway

2018-10-15 14:17:10,937 level-ERROR    获取mds区服表出错
2018-10-15 14:18:01,140 level-ERROR    {"serverListStr": "[{\"gameId\": 27, \"platformId\": \"27\", \"platformAlias\": \"uc699_rxsj\", \"isCombined\": \"false\", \"configId\": 27, \"sumzone\": 3, \"unicomIp\": \"\", \"isDeleted\": \"false\", \"gameAlias\": \"bxcq\", \"iszone\": \"169\", \"serverName\": \"uc699_rxsj 169\\u670d\", \"serverIp\": \"39.105.1.57\", \"serverOrder\": \"0\", \"serverId\": \"169\", \"platformName\": \"uc699_rxsj\"}]", "gameId": "27", "systemId": "27", "sign": "634C2DFC0899373D5AD962213B9F7F6E", "time": 1539584281000}
2018-10-15 14:18:13,443 level-ERROR    Traceback (most recent call last):
  File "/data/BxcqMloms/app/mylibs/getmdsapi.py", line 124, in insertMds
    resp = urllib2.urlopen(req)
  File "/usr/lib64/python2.6/urllib2.py", line 126, in urlopen
    return _opener.open(url, data, timeout)
  File "/usr/lib64/python2.6/urllib2.py", line 397, in open
    response = meth(req, response)
  File "/usr/lib64/python2.6/urllib2.py", line 510, in http_response
    'http', request, response, code, msg, hdrs)
  File "/usr/lib64/python2.6/urllib2.py", line 435, in error
    return self._call_chain(*args)
  File "/usr/lib64/python2.6/urllib2.py", line 369, in _call_chain
    result = func(*args)
  File "/usr/lib64/python2.6/urllib2.py", line 518, in http_error_default
    raise HTTPError(req.get_full_url(), code, msg, hdrs, fp)
HTTPError: HTTP Error 502: Bad Gateway

2018-10-15 14:18:13,443 level-ERROR    {"serverListStr": "[{\"gameId\": 27, \"platformId\": \"27\", \"platformAlias\": \"uc699_rxsj\", \"isCombined\": \"false\", \"configId\": 27, \"sumzone\": 3, \"unicomIp\": \"\", \"isDeleted\": \"false\", \"gameAlias\": \"bxcq\", \"iszone\": \"169\", \"serverName\": \"uc699_rxsj 170\\u670d\", \"serverIp\": \"119.29.183.236\", \"serverOrder\": \"0\", \"serverId\": \"170\", \"platformName\": \"uc699_rxsj\"}]", "gameId": "27", "systemId": "27", "sign": "8509A0C8AE15BAAE8E66403A65A74698", "time": 1539584293000}
2018-10-15 14:18:26,326 level-ERROR    Traceback (most recent call last):
  File "/data/BxcqMloms/app/mylibs/getmdsapi.py", line 124, in insertMds
    resp = urllib2.urlopen(req)
  File "/usr/lib64/python2.6/urllib2.py", line 126, in urlopen
    return _opener.open(url, data, timeout)
  File "/usr/lib64/python2.6/urllib2.py", line 397, in open
    response = meth(req, response)
  File "/usr/lib64/python2.6/urllib2.py", line 510, in http_response
    'http', request, response, code, msg, hdrs)
  File "/usr/lib64/python2.6/urllib2.py", line 435, in error
    return self._call_chain(*args)
  File "/usr/lib64/python2.6/urllib2.py", line 369, in _call_chain
    result = func(*args)
  File "/usr/lib64/python2.6/urllib2.py", line 518, in http_error_default
    raise HTTPError(req.get_full_url(), code, msg, hdrs, fp)
HTTPError: HTTP Error 502: Bad Gateway

2018-10-15 14:18:26,326 level-ERROR    {"serverListStr": "[{\"gameId\": 27, \"platformId\": \"27\", \"platformAlias\": \"uc699_rxsj\", \"isCombined\": \"false\", \"configId\": 27, \"sumzone\": 3, \"unicomIp\": \"\", \"isDeleted\": \"false\", \"gameAlias\": \"bxcq\", \"iszone\": \"169\", \"serverName\": \"uc699_rxsj 171\\u670d\", \"serverIp\": \"119.29.183.236\", \"serverOrder\": \"0\", \"serverId\": \"171\", \"platformName\": \"uc699_rxsj\"}]", "gameId": "27", "systemId": "27", "sign": "1E14E764D075E92530597B1CCF259204", "time": 1539584306000}
2018-10-15 14:18:38,412 level-ERROR    Traceback (most recent call last):
  File "/data/BxcqMloms/app/mylibs/getmdsapi.py", line 124, in insertMds
    resp = urllib2.urlopen(req)
  File "/usr/lib64/python2.6/urllib2.py", line 126, in urlopen
    return _opener.open(url, data, timeout)
  File "/usr/lib64/python2.6/urllib2.py", line 397, in open
    response = meth(req, response)
  File "/usr/lib64/python2.6/urllib2.py", line 510, in http_response
    'http', request, response, code, msg, hdrs)
  File "/usr/lib64/python2.6/urllib2.py", line 435, in error
    return self._call_chain(*args)
  File "/usr/lib64/python2.6/urllib2.py", line 369, in _call_chain
    result = func(*args)
  File "/usr/lib64/python2.6/urllib2.py", line 518, in http_error_default
    raise HTTPError(req.get_full_url(), code, msg, hdrs, fp)
HTTPError: HTTP Error 502: Bad Gateway

2018-10-15 14:18:38,413 level-ERROR    {"serverListStr": "[{\"gameId\": 27, \"platformId\": \"27\", \"platformAlias\": \"uc699_rxsj\", \"isCombined\": \"false\", \"configId\": 27, \"sumzone\": 3, \"unicomIp\": \"\", \"isDeleted\": \"false\", \"gameAlias\": \"bxcq\", \"iszone\": \"169\", \"serverName\": \"uc699_rxsj 172\\u670d\", \"serverIp\": \"119.29.183.236\", \"serverOrder\": \"0\", \"serverId\": \"172\", \"platformName\": \"uc699_rxsj\"}]", "gameId": "27", "systemId": "27", "sign": "A0A52ACE18534CDCF1F65762DAC5D2A2", "time": 1539584318000}
2018-10-15 14:18:48,500 level-ERROR    Traceback (most recent call last):
  File "/data/BxcqMloms/app/mylibs/getmdsapi.py", line 124, in insertMds
    resp = urllib2.urlopen(req)
  File "/usr/lib64/python2.6/urllib2.py", line 126, in urlopen
    return _opener.open(url, data, timeout)
  File "/usr/lib64/python2.6/urllib2.py", line 397, in open
    response = meth(req, response)
  File "/usr/lib64/python2.6/urllib2.py", line 510, in http_response
    'http', request, response, code, msg, hdrs)
  File "/usr/lib64/python2.6/urllib2.py", line 435, in error
    return self._call_chain(*args)
  File "/usr/lib64/python2.6/urllib2.py", line 369, in _call_chain
    result = func(*args)
  File "/usr/lib64/python2.6/urllib2.py", line 518, in http_error_default
    raise HTTPError(req.get_full_url(), code, msg, hdrs, fp)
HTTPError: HTTP Error 502: Bad Gateway

2018-10-15 14:18:48,500 level-ERROR    {"serverListStr": "[{\"gameId\": 27, \"platformId\": \"27\", \"platformAlias\": \"uc699_rxsj\", \"isCombined\": \"false\", \"configId\": 27, \"sumzone\": 3, \"unicomIp\": \"\", \"isDeleted\": \"false\", \"gameAlias\": \"bxcq\", \"iszone\": \"169\", \"serverName\": \"uc699_rxsj 173\\u670d\", \"serverIp\": \"119.29.183.236\", \"serverOrder\": \"0\", \"serverId\": \"173\", \"platformName\": \"uc699_rxsj\"}]", "gameId": "27", "systemId": "27", "sign": "61EE533550B2BC961C70DF57925F7C6E", "time": 1539584328000}
2018-10-15 14:19:01,446 level-ERROR    Traceback (most recent call last):
  File "/data/BxcqMloms/app/mylibs/getmdsapi.py", line 124, in insertMds
    resp = urllib2.urlopen(req)
  File "/usr/lib64/python2.6/urllib2.py", line 126, in urlopen
    return _opener.open(url, data, timeout)
  File "/usr/lib64/python2.6/urllib2.py", line 397, in open
    response = meth(req, response)
  File "/usr/lib64/python2.6/urllib2.py", line 510, in http_response
    'http', request, response, code, msg, hdrs)
  File "/usr/lib64/python2.6/urllib2.py", line 435, in error
    return self._call_chain(*args)
  File "/usr/lib64/python2.6/urllib2.py", line 369, in _call_chain
    result = func(*args)
  File "/usr/lib64/python2.6/urllib2.py", line 518, in http_error_default
    raise HTTPError(req.get_full_url(), code, msg, hdrs, fp)
HTTPError: HTTP Error 502: Bad Gateway

2018-10-15 14:19:01,447 level-ERROR    {"serverListStr": "[{\"gameId\": 27, \"platformId\": \"27\", \"platformAlias\": \"uc699_rxsj\", \"isCombined\": \"false\", \"configId\": 27, \"sumzone\": 3, \"unicomIp\": \"\", \"isDeleted\": \"false\", \"gameAlias\": \"bxcq\", \"iszone\": \"169\", \"serverName\": \"uc699_rxsj 174\\u670d\", \"serverIp\": \"119.29.183.236\", \"serverOrder\": \"0\", \"serverId\": \"174\", \"platformName\": \"uc699_rxsj\"}]", "gameId": "27", "systemId": "27", "sign": "371EADB0070E5D5E454AA357F27F2B6A", "time": 1539584341000}
2018-10-15 14:19:14,324 level-ERROR    Traceback (most recent call last):
  File "/data/BxcqMloms/app/mylibs/getmdsapi.py", line 124, in insertMds
    resp = urllib2.urlopen(req)
  File "/usr/lib64/python2.6/urllib2.py", line 126, in urlopen
    return _opener.open(url, data, timeout)
  File "/usr/lib64/python2.6/urllib2.py", line 397, in open
    response = meth(req, response)
  File "/usr/lib64/python2.6/urllib2.py", line 510, in http_response
    'http', request, response, code, msg, hdrs)
  File "/usr/lib64/python2.6/urllib2.py", line 435, in error
    return self._call_chain(*args)
  File "/usr/lib64/python2.6/urllib2.py", line 369, in _call_chain
    result = func(*args)
  File "/usr/lib64/python2.6/urllib2.py", line 518, in http_error_default
    raise HTTPError(req.get_full_url(), code, msg, hdrs, fp)
HTTPError: HTTP Error 502: Bad Gateway

2018-10-15 14:22:32,854 level-ERROR    {"serverListStr": "[{\"gameId\": 27, \"platformId\": \"36\", \"platformAlias\": \"new9hou_rxsj\", \"isCombined\": \"false\", \"configId\": 36, \"sumzone\": 3, \"unicomIp\": \"\", \"isDeleted\": \"false\", \"gameAlias\": \"bxcq\", \"iszone\": \"19\", \"serverName\": \"new9hou_rxsj 19\\u670d\", \"serverIp\": \"39.105.1.57\", \"serverOrder\": \"0\", \"serverId\": \"19\", \"platformName\": \"new9hou_rxsj\"}]", "gameId": "27", "systemId": "27", "sign": "DE296A23299F57CA0190362C6BE4CE4A", "time": 1539584552000}
2018-10-15 14:22:47,935 level-ERROR    Traceback (most recent call last):
  File "/data/BxcqMloms/app/mylibs/getmdsapi.py", line 124, in insertMds
    resp = urllib2.urlopen(req)
  File "/usr/lib64/python2.6/urllib2.py", line 126, in urlopen
    return _opener.open(url, data, timeout)
  File "/usr/lib64/python2.6/urllib2.py", line 397, in open
    response = meth(req, response)
  File "/usr/lib64/python2.6/urllib2.py", line 510, in http_response
    'http', request, response, code, msg, hdrs)
  File "/usr/lib64/python2.6/urllib2.py", line 435, in error
    return self._call_chain(*args)
  File "/usr/lib64/python2.6/urllib2.py", line 369, in _call_chain
    result = func(*args)
  File "/usr/lib64/python2.6/urllib2.py", line 518, in http_error_default
    raise HTTPError(req.get_full_url(), code, msg, hdrs, fp)
HTTPError: HTTP Error 502: Bad Gateway

2018-10-15 14:22:47,935 level-ERROR    {"serverListStr": "[{\"gameId\": 27, \"platformId\": \"36\", \"platformAlias\": \"new9hou_rxsj\", \"isCombined\": \"false\", \"configId\": 36, \"sumzone\": 3, \"unicomIp\": \"\", \"isDeleted\": \"false\", \"gameAlias\": \"bxcq\", \"iszone\": \"19\", \"serverName\": \"new9hou_rxsj 20\\u670d\", \"serverIp\": \"119.29.183.236\", \"serverOrder\": \"0\", \"serverId\": \"20\", \"platformName\": \"new9hou_rxsj\"}]", "gameId": "27", "systemId": "27", "sign": "7094E524929348ED020C616BBFD40E8B", "time": 1539584567000}
2018-10-15 14:23:02,283 level-ERROR    Traceback (most recent call last):
  File "/data/BxcqMloms/app/mylibs/getmdsapi.py", line 124, in insertMds
    resp = urllib2.urlopen(req)
  File "/usr/lib64/python2.6/urllib2.py", line 126, in urlopen
    return _opener.open(url, data, timeout)
  File "/usr/lib64/python2.6/urllib2.py", line 397, in open
    response = meth(req, response)
  File "/usr/lib64/python2.6/urllib2.py", line 510, in http_response
    'http', request, response, code, msg, hdrs)
  File "/usr/lib64/python2.6/urllib2.py", line 435, in error
    return self._call_chain(*args)
  File "/usr/lib64/python2.6/urllib2.py", line 369, in _call_chain
    result = func(*args)
  File "/usr/lib64/python2.6/urllib2.py", line 518, in http_error_default
    raise HTTPError(req.get_full_url(), code, msg, hdrs, fp)
HTTPError: HTTP Error 502: Bad Gateway

2018-10-15 14:23:02,284 level-ERROR    {"serverListStr": "[{\"gameId\": 27, \"platformId\": \"36\", \"platformAlias\": \"new9hou_rxsj\", \"isCombined\": \"false\", \"configId\": 36, \"sumzone\": 3, \"unicomIp\": \"\", \"isDeleted\": \"false\", \"gameAlias\": \"bxcq\", \"iszone\": \"19\", \"serverName\": \"new9hou_rxsj 21\\u670d\", \"serverIp\": \"119.29.183.236\", \"serverOrder\": \"0\", \"serverId\": \"21\", \"platformName\": \"new9hou_rxsj\"}]", "gameId": "27", "systemId": "27", "sign": "03F92872A485902DD0EEF869BC86FC7D", "time": 1539584582000}
2018-10-15 14:23:09,376 level-ERROR    Traceback (most recent call last):
  File "/data/BxcqMloms/app/mylibs/getmdsapi.py", line 124, in insertMds
    resp = urllib2.urlopen(req)
  File "/usr/lib64/python2.6/urllib2.py", line 126, in urlopen
    return _opener.open(url, data, timeout)
  File "/usr/lib64/python2.6/urllib2.py", line 397, in open
    response = meth(req, response)
  File "/usr/lib64/python2.6/urllib2.py", line 510, in http_response
    'http', request, response, code, msg, hdrs)
  File "/usr/lib64/python2.6/urllib2.py", line 435, in error
    return self._call_chain(*args)
  File "/usr/lib64/python2.6/urllib2.py", line 369, in _call_chain
    result = func(*args)
  File "/usr/lib64/python2.6/urllib2.py", line 518, in http_error_default
    raise HTTPError(req.get_full_url(), code, msg, hdrs, fp)
HTTPError: HTTP Error 502: Bad Gateway

2018-10-15 14:23:09,377 level-ERROR    {"serverListStr": "[{\"gameId\": 27, \"platformId\": \"36\", \"platformAlias\": \"new9hou_rxsj\", \"isCombined\": \"false\", \"configId\": 36, \"sumzone\": 3, \"unicomIp\": \"\", \"isDeleted\": \"false\", \"gameAlias\": \"bxcq\", \"iszone\": \"19\", \"serverName\": \"new9hou_rxsj 22\\u670d\", \"serverIp\": \"119.29.183.236\", \"serverOrder\": \"0\", \"serverId\": \"22\", \"platformName\": \"new9hou_rxsj\"}]", "gameId": "27", "systemId": "27", "sign": "93BC50D6508BB42CF2A7AECE4E526809", "time": 1539584589000}
2018-10-15 14:23:22,680 level-ERROR    Traceback (most recent call last):
  File "/data/BxcqMloms/app/mylibs/getmdsapi.py", line 124, in insertMds
    resp = urllib2.urlopen(req)
  File "/usr/lib64/python2.6/urllib2.py", line 126, in urlopen
    return _opener.open(url, data, timeout)
  File "/usr/lib64/python2.6/urllib2.py", line 397, in open
    response = meth(req, response)
  File "/usr/lib64/python2.6/urllib2.py", line 510, in http_response
    'http', request, response, code, msg, hdrs)
  File "/usr/lib64/python2.6/urllib2.py", line 435, in error
    return self._call_chain(*args)
  File "/usr/lib64/python2.6/urllib2.py", line 369, in _call_chain
    result = func(*args)
  File "/usr/lib64/python2.6/urllib2.py", line 518, in http_error_default
    raise HTTPError(req.get_full_url(), code, msg, hdrs, fp)
HTTPError: HTTP Error 502: Bad Gateway

2018-10-15 14:23:22,681 level-ERROR    {"serverListStr": "[{\"gameId\": 27, \"platformId\": \"36\", \"platformAlias\": \"new9hou_rxsj\", \"isCombined\": \"false\", \"configId\": 36, \"sumzone\": 3, \"unicomIp\": \"\", \"isDeleted\": \"false\", \"gameAlias\": \"bxcq\", \"iszone\": \"19\", \"serverName\": \"new9hou_rxsj 23\\u670d\", \"serverIp\": \"119.29.183.236\", \"serverOrder\": \"0\", \"serverId\": \"23\", \"platformName\": \"new9hou_rxsj\"}]", "gameId": "27", "systemId": "27", "sign": "4B10FFF1FAF88F47B0C97EB95FF89D73", "time": 1539584602000}
2018-10-15 14:23:35,746 level-ERROR    Traceback (most recent call last):
  File "/data/BxcqMloms/app/mylibs/getmdsapi.py", line 124, in insertMds
    resp = urllib2.urlopen(req)
  File "/usr/lib64/python2.6/urllib2.py", line 126, in urlopen
    return _opener.open(url, data, timeout)
  File "/usr/lib64/python2.6/urllib2.py", line 397, in open
    response = meth(req, response)
  File "/usr/lib64/python2.6/urllib2.py", line 510, in http_response
    'http', request, response, code, msg, hdrs)
  File "/usr/lib64/python2.6/urllib2.py", line 435, in error
    return self._call_chain(*args)
  File "/usr/lib64/python2.6/urllib2.py", line 369, in _call_chain
    result = func(*args)
  File "/usr/lib64/python2.6/urllib2.py", line 518, in http_error_default
    raise HTTPError(req.get_full_url(), code, msg, hdrs, fp)
HTTPError: HTTP Error 502: Bad Gateway

2018-10-15 14:23:35,747 level-ERROR    {"serverListStr": "[{\"gameId\": 27, \"platformId\": \"36\", \"platformAlias\": \"new9hou_rxsj\", \"isCombined\": \"false\", \"configId\": 36, \"sumzone\": 3, \"unicomIp\": \"\", \"isDeleted\": \"false\", \"gameAlias\": \"bxcq\", \"iszone\": \"19\", \"serverName\": \"new9hou_rxsj 24\\u670d\", \"serverIp\": \"119.29.183.236\", \"serverOrder\": \"0\", \"serverId\": \"24\", \"platformName\": \"new9hou_rxsj\"}]", "gameId": "27", "systemId": "27", "sign": "3AF70FDB5EEF811A20B0710457F34E28", "time": 1539584615000}
2018-10-15 14:23:48,710 level-ERROR    Traceback (most recent call last):
  File "/data/BxcqMloms/app/mylibs/getmdsapi.py", line 124, in insertMds
    resp = urllib2.urlopen(req)
  File "/usr/lib64/python2.6/urllib2.py", line 126, in urlopen
    return _opener.open(url, data, timeout)
  File "/usr/lib64/python2.6/urllib2.py", line 397, in open
    response = meth(req, response)
  File "/usr/lib64/python2.6/urllib2.py", line 510, in http_response
    'http', request, response, code, msg, hdrs)
  File "/usr/lib64/python2.6/urllib2.py", line 435, in error
    return self._call_chain(*args)
  File "/usr/lib64/python2.6/urllib2.py", line 369, in _call_chain
    result = func(*args)
  File "/usr/lib64/python2.6/urllib2.py", line 518, in http_error_default
    raise HTTPError(req.get_full_url(), code, msg, hdrs, fp)
HTTPError: HTTP Error 502: Bad Gateway

2018-10-15 14:39:58,110 level-ERROR    {"serverListStr": "[{\"gameId\": 27, \"platformId\": \"27\", \"platformAlias\": \"uc699_rxsj\", \"isCombined\": \"false\", \"configId\": 27, \"sumzone\": 3, \"unicomIp\": \"\", \"isDeleted\": \"false\", \"gameAlias\": \"bxcq\", \"iszone\": \"169\", \"serverName\": \"uc699_rxsj 169\\u670d\", \"serverIp\": \"39.105.1.57\", \"serverOrder\": \"0\", \"serverId\": \"169\", \"platformName\": \"uc699_rxsj\"}]", "gameId": "27", "systemId": "27", "sign": "9EDED61BB00904967FCF1A81F968D3D9", "time": 1539585598000}
2018-10-15 14:39:58,350 level-ERROR    insert mds result : {"result":"true"}
2018-10-15 14:39:58,350 level-ERROR    {"serverListStr": "[{\"gameId\": 27, \"platformId\": \"27\", \"platformAlias\": \"uc699_rxsj\", \"isCombined\": \"false\", \"configId\": 27, \"sumzone\": 3, \"unicomIp\": \"\", \"isDeleted\": \"false\", \"gameAlias\": \"bxcq\", \"iszone\": \"169\", \"serverName\": \"uc699_rxsj 170\\u670d\", \"serverIp\": \"119.29.183.236\", \"serverOrder\": \"0\", \"serverId\": \"170\", \"platformName\": \"uc699_rxsj\"}]", "gameId": "27", "systemId": "27", "sign": "9EDED61BB00904967FCF1A81F968D3D9", "time": 1539585598000}
2018-10-15 14:39:58,493 level-ERROR    insert mds result : {"result":"true"}
2018-10-15 14:39:58,494 level-ERROR    {"serverListStr": "[{\"gameId\": 27, \"platformId\": \"27\", \"platformAlias\": \"uc699_rxsj\", \"isCombined\": \"false\", \"configId\": 27, \"sumzone\": 3, \"unicomIp\": \"\", \"isDeleted\": \"false\", \"gameAlias\": \"bxcq\", \"iszone\": \"169\", \"serverName\": \"uc699_rxsj 171\\u670d\", \"serverIp\": \"119.29.183.236\", \"serverOrder\": \"0\", \"serverId\": \"171\", \"platformName\": \"uc699_rxsj\"}]", "gameId": "27", "systemId": "27", "sign": "9EDED61BB00904967FCF1A81F968D3D9", "time": 1539585598000}
2018-10-15 14:39:58,641 level-ERROR    insert mds result : {"result":"true"}
2018-10-15 14:39:58,641 level-ERROR    {"serverListStr": "[{\"gameId\": 27, \"platformId\": \"27\", \"platformAlias\": \"uc699_rxsj\", \"isCombined\": \"false\", \"configId\": 27, \"sumzone\": 3, \"unicomIp\": \"\", \"isDeleted\": \"false\", \"gameAlias\": \"bxcq\", \"iszone\": \"169\", \"serverName\": \"uc699_rxsj 172\\u670d\", \"serverIp\": \"119.29.183.236\", \"serverOrder\": \"0\", \"serverId\": \"172\", \"platformName\": \"uc699_rxsj\"}]", "gameId": "27", "systemId": "27", "sign": "9EDED61BB00904967FCF1A81F968D3D9", "time": 1539585598000}
2018-10-15 14:39:58,817 level-ERROR    insert mds result : {"result":"true"}
2018-10-15 14:39:58,818 level-ERROR    {"serverListStr": "[{\"gameId\": 27, \"platformId\": \"27\", \"platformAlias\": \"uc699_rxsj\", \"isCombined\": \"false\", \"configId\": 27, \"sumzone\": 3, \"unicomIp\": \"\", \"isDeleted\": \"false\", \"gameAlias\": \"bxcq\", \"iszone\": \"169\", \"serverName\": \"uc699_rxsj 173\\u670d\", \"serverIp\": \"119.29.183.236\", \"serverOrder\": \"0\", \"serverId\": \"173\", \"platformName\": \"uc699_rxsj\"}]", "gameId": "27", "systemId": "27", "sign": "9EDED61BB00904967FCF1A81F968D3D9", "time": 1539585598000}
2018-10-15 14:39:58,965 level-ERROR    insert mds result : {"result":"true"}
2018-10-15 14:39:58,965 level-ERROR    {"serverListStr": "[{\"gameId\": 27, \"platformId\": \"27\", \"platformAlias\": \"uc699_rxsj\", \"isCombined\": \"false\", \"configId\": 27, \"sumzone\": 3, \"unicomIp\": \"\", \"isDeleted\": \"false\", \"gameAlias\": \"bxcq\", \"iszone\": \"169\", \"serverName\": \"uc699_rxsj 174\\u670d\", \"serverIp\": \"119.29.183.236\", \"serverOrder\": \"0\", \"serverId\": \"174\", \"platformName\": \"uc699_rxsj\"}]", "gameId": "27", "systemId": "27", "sign": "9EDED61BB00904967FCF1A81F968D3D9", "time": 1539585598000}
2018-10-15 14:39:59,096 level-ERROR    insert mds result : {"result":"true"}
2018-10-15 14:41:40,226 level-ERROR    {"serverListStr": "[{\"gameId\": 27, \"platformId\": \"36\", \"platformAlias\": \"new9hou_rxsj\", \"isCombined\": \"false\", \"configId\": 36, \"sumzone\": 3, \"unicomIp\": \"\", \"isDeleted\": \"false\", \"gameAlias\": \"bxcq\", \"iszone\": \"19\", \"serverName\": \"new9hou_rxsj 19\\u670d\", \"serverIp\": \"39.105.1.57\", \"serverOrder\": \"0\", \"serverId\": \"19\", \"platformName\": \"new9hou_rxsj\"}]", "gameId": "27", "systemId": "27", "sign": "2796E59844936EDA95B5D843FCD95945", "time": 1539585700000}
2018-10-15 14:41:40,374 level-ERROR    insert mds result : {"result":"true"}
2018-10-15 14:41:40,374 level-ERROR    {"serverListStr": "[{\"gameId\": 27, \"platformId\": \"36\", \"platformAlias\": \"new9hou_rxsj\", \"isCombined\": \"false\", \"configId\": 36, \"sumzone\": 3, \"unicomIp\": \"\", \"isDeleted\": \"false\", \"gameAlias\": \"bxcq\", \"iszone\": \"19\", \"serverName\": \"new9hou_rxsj 20\\u670d\", \"serverIp\": \"119.29.183.236\", \"serverOrder\": \"0\", \"serverId\": \"20\", \"platformName\": \"new9hou_rxsj\"}]", "gameId": "27", "systemId": "27", "sign": "2796E59844936EDA95B5D843FCD95945", "time": 1539585700000}
2018-10-15 14:41:40,496 level-ERROR    insert mds result : {"result":"true"}
2018-10-15 14:41:40,496 level-ERROR    {"serverListStr": "[{\"gameId\": 27, \"platformId\": \"36\", \"platformAlias\": \"new9hou_rxsj\", \"isCombined\": \"false\", \"configId\": 36, \"sumzone\": 3, \"unicomIp\": \"\", \"isDeleted\": \"false\", \"gameAlias\": \"bxcq\", \"iszone\": \"19\", \"serverName\": \"new9hou_rxsj 21\\u670d\", \"serverIp\": \"119.29.183.236\", \"serverOrder\": \"0\", \"serverId\": \"21\", \"platformName\": \"new9hou_rxsj\"}]", "gameId": "27", "systemId": "27", "sign": "2796E59844936EDA95B5D843FCD95945", "time": 1539585700000}
2018-10-15 14:41:40,631 level-ERROR    insert mds result : {"result":"true"}
2018-10-15 14:41:40,631 level-ERROR    {"serverListStr": "[{\"gameId\": 27, \"platformId\": \"36\", \"platformAlias\": \"new9hou_rxsj\", \"isCombined\": \"false\", \"configId\": 36, \"sumzone\": 3, \"unicomIp\": \"\", \"isDeleted\": \"false\", \"gameAlias\": \"bxcq\", \"iszone\": \"19\", \"serverName\": \"new9hou_rxsj 22\\u670d\", \"serverIp\": \"119.29.183.236\", \"serverOrder\": \"0\", \"serverId\": \"22\", \"platformName\": \"new9hou_rxsj\"}]", "gameId": "27", "systemId": "27", "sign": "2796E59844936EDA95B5D843FCD95945", "time": 1539585700000}
2018-10-15 14:41:40,765 level-ERROR    insert mds result : {"result":"true"}
2018-10-15 14:41:40,766 level-ERROR    {"serverListStr": "[{\"gameId\": 27, \"platformId\": \"36\", \"platformAlias\": \"new9hou_rxsj\", \"isCombined\": \"false\", \"configId\": 36, \"sumzone\": 3, \"unicomIp\": \"\", \"isDeleted\": \"false\", \"gameAlias\": \"bxcq\", \"iszone\": \"19\", \"serverName\": \"new9hou_rxsj 23\\u670d\", \"serverIp\": \"119.29.183.236\", \"serverOrder\": \"0\", \"serverId\": \"23\", \"platformName\": \"new9hou_rxsj\"}]", "gameId": "27", "systemId": "27", "sign": "2796E59844936EDA95B5D843FCD95945", "time": 1539585700000}
2018-10-15 14:41:40,888 level-ERROR    insert mds result : {"result":"true"}
2018-10-15 14:41:40,889 level-ERROR    {"serverListStr": "[{\"gameId\": 27, \"platformId\": \"36\", \"platformAlias\": \"new9hou_rxsj\", \"isCombined\": \"false\", \"configId\": 36, \"sumzone\": 3, \"unicomIp\": \"\", \"isDeleted\": \"false\", \"gameAlias\": \"bxcq\", \"iszone\": \"19\", \"serverName\": \"new9hou_rxsj 24\\u670d\", \"serverIp\": \"119.29.183.236\", \"serverOrder\": \"0\", \"serverId\": \"24\", \"platformName\": \"new9hou_rxsj\"}]", "gameId": "27", "systemId": "27", "sign": "2796E59844936EDA95B5D843FCD95945", "time": 1539585700000}
2018-10-15 14:41:41,021 level-ERROR    insert mds result : {"result":"true"}
2018-10-15 14:43:40,450 level-ERROR    {"serverListStr": "[{\"gameId\": 27, \"platformId\": \"21\", \"platformAlias\": \"new6344_rxsj\", \"isCombined\": \"false\", \"configId\": 9, \"sumzone\": 3, \"unicomIp\": \"\", \"isDeleted\": \"false\", \"gameAlias\": \"bxcq\", \"iszone\": \"181\", \"serverName\": \"new6344_rxsj 181\\u670d\", \"serverIp\": \"119.29.223.176\", \"serverOrder\": \"0\", \"serverId\": \"181\", \"platformName\": \"new6344_rxsj\"}]", "gameId": "27", "systemId": "27", "sign": "A6FFEFC5B5094B3C5BD43B1709628F4E", "time": 1539585820000}
2018-10-15 14:43:40,915 level-ERROR    insert mds result : {"result":"true"}
2018-10-15 14:43:40,916 level-ERROR    {"serverListStr": "[{\"gameId\": 27, \"platformId\": \"21\", \"platformAlias\": \"new6344_rxsj\", \"isCombined\": \"false\", \"configId\": 9, \"sumzone\": 3, \"unicomIp\": \"\", \"isDeleted\": \"false\", \"gameAlias\": \"bxcq\", \"iszone\": \"181\", \"serverName\": \"new6344_rxsj 182\\u670d\", \"serverIp\": \"119.29.183.236\", \"serverOrder\": \"0\", \"serverId\": \"182\", \"platformName\": \"new6344_rxsj\"}]", "gameId": "27", "systemId": "27", "sign": "A6FFEFC5B5094B3C5BD43B1709628F4E", "time": 1539585820000}
2018-10-15 14:43:41,060 level-ERROR    insert mds result : {"result":"true"}
2018-10-15 14:43:41,060 level-ERROR    {"serverListStr": "[{\"gameId\": 27, \"platformId\": \"21\", \"platformAlias\": \"new6344_rxsj\", \"isCombined\": \"false\", \"configId\": 9, \"sumzone\": 3, \"unicomIp\": \"\", \"isDeleted\": \"false\", \"gameAlias\": \"bxcq\", \"iszone\": \"181\", \"serverName\": \"new6344_rxsj 183\\u670d\", \"serverIp\": \"119.29.183.236\", \"serverOrder\": \"0\", \"serverId\": \"183\", \"platformName\": \"new6344_rxsj\"}]", "gameId": "27", "systemId": "27", "sign": "2B65AFE26D73E7427B76EAD88EF3B9EA", "time": 1539585821000}
2018-10-15 14:43:41,207 level-ERROR    insert mds result : {"result":"true"}
2018-10-15 14:43:41,207 level-ERROR    {"serverListStr": "[{\"gameId\": 27, \"platformId\": \"21\", \"platformAlias\": \"new6344_rxsj\", \"isCombined\": \"false\", \"configId\": 9, \"sumzone\": 3, \"unicomIp\": \"\", \"isDeleted\": \"false\", \"gameAlias\": \"bxcq\", \"iszone\": \"181\", \"serverName\": \"new6344_rxsj 184\\u670d\", \"serverIp\": \"119.29.183.236\", \"serverOrder\": \"0\", \"serverId\": \"184\", \"platformName\": \"new6344_rxsj\"}]", "gameId": "27", "systemId": "27", "sign": "2B65AFE26D73E7427B76EAD88EF3B9EA", "time": 1539585821000}
2018-10-15 14:43:41,351 level-ERROR    insert mds result : {"result":"true"}
2018-10-15 14:43:41,351 level-ERROR    {"serverListStr": "[{\"gameId\": 27, \"platformId\": \"21\", \"platformAlias\": \"new6344_rxsj\", \"isCombined\": \"false\", \"configId\": 9, \"sumzone\": 3, \"unicomIp\": \"\", \"isDeleted\": \"false\", \"gameAlias\": \"bxcq\", \"iszone\": \"181\", \"serverName\": \"new6344_rxsj 185\\u670d\", \"serverIp\": \"119.29.183.236\", \"serverOrder\": \"0\", \"serverId\": \"185\", \"platformName\": \"new6344_rxsj\"}]", "gameId": "27", "systemId": "27", "sign": "2B65AFE26D73E7427B76EAD88EF3B9EA", "time": 1539585821000}
2018-10-15 14:43:41,497 level-ERROR    insert mds result : {"result":"true"}
2018-10-15 14:43:41,498 level-ERROR    {"serverListStr": "[{\"gameId\": 27, \"platformId\": \"21\", \"platformAlias\": \"new6344_rxsj\", \"isCombined\": \"false\", \"configId\": 9, \"sumzone\": 3, \"unicomIp\": \"\", \"isDeleted\": \"false\", \"gameAlias\": \"bxcq\", \"iszone\": \"181\", \"serverName\": \"new6344_rxsj 186\\u670d\", \"serverIp\": \"119.29.183.236\", \"serverOrder\": \"0\", \"serverId\": \"186\", \"platformName\": \"new6344_rxsj\"}]", "gameId": "27", "systemId": "27", "sign": "2B65AFE26D73E7427B76EAD88EF3B9EA", "time": 1539585821000}
2018-10-15 14:43:41,646 level-ERROR    insert mds result : {"result":"true"}
2018-10-15 14:43:48,369 level-ERROR    zhongtao is logging and permission is [u'resetdate', u'sqlcommand', u'checkversion', u'gmcommand', u'closeserver', u'openserver', u'servermanager', u'displayresetversion', u'checkserverstat', u'bootgame', u'update_front', u'update_javascripts', u'update_java', u'ywupdate', u'ywtools', u'root']
2018-10-15 14:43:48,494 level-ERROR    AllPlatMsg is [{'gameAlias': u'bxcq', 'platformId': 2, 'platformAlias': u'qq', 'gameId': 27, 'configId': 1, 'platformName': u'qq'}, {'gameAlias': u'bxcq', 'platformId': 14, 'platformAlias': u'tencent', 'gameId': 27, 'configId': 2, 'platformName': u'tencent'}, {'gameAlias': u'bxcq', 'platformId': 16, 'platformAlias': u'bengwan_rxsj', 'gameId': 27, 'configId': 4, 'platformName': u'bengwan_rxsj'}, {'gameAlias': u'bxcq', 'platformId': 18, 'platformAlias': u'6344_rxsj', 'gameId': 27, 'configId': 6, 'platformName': u'6344_rxsj'}, {'gameAlias': u'bxcq', 'platformId': 19, 'platformAlias': u'mayi_rxsj', 'gameId': 27, 'configId': 7, 'platformName': u'mayi_rxsj'}, {'gameAlias': u'bxcq', 'platformId': 21, 'platformAlias': u'new6344_rxsj', 'gameId': 27, 'configId': 9, 'platformName': u'new6344_rxsj'}, {'gameAlias': u'bxcq', 'platformId': 26, 'platformAlias': u'306yx_rxsj', 'gameId': 27, 'configId': 26, 'platformName': u'306yx_rxsj'}, {'gameAlias': u'bxcq', 'platformId': 27, 'platformAlias': u'uc699_rxsj', 'gameId': 27, 'configId': 27, 'platformName': u'uc699_rxsj'}, {'gameAlias': u'bxcq', 'platformId': 33, 'platformAlias': u'5vwan_rxsj', 'gameId': 27, 'configId': 33, 'platformName': u'5vwan_rxsj'}, {'gameAlias': u'bxcq', 'platformId': 34, 'platformAlias': u'9hou_rxsj', 'gameId': 27, 'configId': 34, 'platformName': u'9hou_rxsj'}, {'gameAlias': u'bxcq', 'platformId': 35, 'platformAlias': u'nbengwan_rxsj', 'gameId': 27, 'configId': 35, 'platformName': u'nbengwan_rxsj'}, {'gameAlias': u'bxcq', 'platformId': 36, 'platformAlias': u'new9hou_rxsj', 'gameId': 27, 'configId': 36, 'platformName': u'new9hou_rxsj'}]
2018-10-15 14:57:12,468 level-ERROR    zhongtao is logging and permission is [u'resetdate', u'sqlcommand', u'checkversion', u'gmcommand', u'closeserver', u'openserver', u'servermanager', u'displayresetversion', u'checkserverstat', u'bootgame', u'update_front', u'update_javascripts', u'update_java', u'ywupdate', u'ywtools', u'root']
2018-10-15 14:57:12,603 level-ERROR    AllPlatMsg is [{'gameAlias': u'bxcq', 'platformId': 2, 'platformAlias': u'qq', 'gameId': 27, 'configId': 1, 'platformName': u'qq'}, {'gameAlias': u'bxcq', 'platformId': 14, 'platformAlias': u'tencent', 'gameId': 27, 'configId': 2, 'platformName': u'tencent'}, {'gameAlias': u'bxcq', 'platformId': 16, 'platformAlias': u'bengwan_rxsj', 'gameId': 27, 'configId': 4, 'platformName': u'bengwan_rxsj'}, {'gameAlias': u'bxcq', 'platformId': 18, 'platformAlias': u'6344_rxsj', 'gameId': 27, 'configId': 6, 'platformName': u'6344_rxsj'}, {'gameAlias': u'bxcq', 'platformId': 19, 'platformAlias': u'mayi_rxsj', 'gameId': 27, 'configId': 7, 'platformName': u'mayi_rxsj'}, {'gameAlias': u'bxcq', 'platformId': 21, 'platformAlias': u'new6344_rxsj', 'gameId': 27, 'configId': 9, 'platformName': u'new6344_rxsj'}, {'gameAlias': u'bxcq', 'platformId': 26, 'platformAlias': u'306yx_rxsj', 'gameId': 27, 'configId': 26, 'platformName': u'306yx_rxsj'}, {'gameAlias': u'bxcq', 'platformId': 27, 'platformAlias': u'uc699_rxsj', 'gameId': 27, 'configId': 27, 'platformName': u'uc699_rxsj'}, {'gameAlias': u'bxcq', 'platformId': 33, 'platformAlias': u'5vwan_rxsj', 'gameId': 27, 'configId': 33, 'platformName': u'5vwan_rxsj'}, {'gameAlias': u'bxcq', 'platformId': 34, 'platformAlias': u'9hou_rxsj', 'gameId': 27, 'configId': 34, 'platformName': u'9hou_rxsj'}, {'gameAlias': u'bxcq', 'platformId': 35, 'platformAlias': u'nbengwan_rxsj', 'gameId': 27, 'configId': 35, 'platformName': u'nbengwan_rxsj'}, {'gameAlias': u'bxcq', 'platformId': 36, 'platformAlias': u'new9hou_rxsj', 'gameId': 27, 'configId': 36, 'platformName': u'new9hou_rxsj'}]
2018-10-15 14:58:36,311 level-ERROR    {"serverListStr": "[{\"gameId\": 27, \"platformId\": \"27\", \"platformAlias\": \"uc699_rxsj\", \"isCombined\": \"false\", \"configId\": 27, \"sumzone\": 3, \"unicomIp\": \"\", \"isDeleted\": \"false\", \"gameAlias\": \"bxcq\", \"iszone\": \"175\", \"serverName\": \"uc699_rxsj 175\\u670d\", \"serverIp\": \"39.105.62.143\", \"serverOrder\": \"0\", \"serverId\": \"175\", \"platformName\": \"uc699_rxsj\"}]", "gameId": "27", "systemId": "27", "sign": "2B56BD9B3344CC76409C5E7A045B543C", "time": 1539586716000}
2018-10-15 14:58:36,459 level-ERROR    insert mds result : {"result":"true"}
2018-10-15 14:58:36,460 level-ERROR    {"serverListStr": "[{\"gameId\": 27, \"platformId\": \"27\", \"platformAlias\": \"uc699_rxsj\", \"isCombined\": \"false\", \"configId\": 27, \"sumzone\": 3, \"unicomIp\": \"\", \"isDeleted\": \"false\", \"gameAlias\": \"bxcq\", \"iszone\": \"175\", \"serverName\": \"uc699_rxsj 176\\u670d\", \"serverIp\": \"119.29.183.236\", \"serverOrder\": \"0\", \"serverId\": \"176\", \"platformName\": \"uc699_rxsj\"}]", "gameId": "27", "systemId": "27", "sign": "2B56BD9B3344CC76409C5E7A045B543C", "time": 1539586716000}
2018-10-15 14:58:36,592 level-ERROR    insert mds result : {"result":"true"}
2018-10-15 14:58:36,592 level-ERROR    {"serverListStr": "[{\"gameId\": 27, \"platformId\": \"27\", \"platformAlias\": \"uc699_rxsj\", \"isCombined\": \"false\", \"configId\": 27, \"sumzone\": 3, \"unicomIp\": \"\", \"isDeleted\": \"false\", \"gameAlias\": \"bxcq\", \"iszone\": \"175\", \"serverName\": \"uc699_rxsj 177\\u670d\", \"serverIp\": \"119.29.183.236\", \"serverOrder\": \"0\", \"serverId\": \"177\", \"platformName\": \"uc699_rxsj\"}]", "gameId": "27", "systemId": "27", "sign": "2B56BD9B3344CC76409C5E7A045B543C", "time": 1539586716000}
2018-10-15 14:58:36,717 level-ERROR    insert mds result : {"result":"true"}
2018-10-15 14:58:36,718 level-ERROR    {"serverListStr": "[{\"gameId\": 27, \"platformId\": \"27\", \"platformAlias\": \"uc699_rxsj\", \"isCombined\": \"false\", \"configId\": 27, \"sumzone\": 3, \"unicomIp\": \"\", \"isDeleted\": \"false\", \"gameAlias\": \"bxcq\", \"iszone\": \"175\", \"serverName\": \"uc699_rxsj 178\\u670d\", \"serverIp\": \"119.29.183.236\", \"serverOrder\": \"0\", \"serverId\": \"178\", \"platformName\": \"uc699_rxsj\"}]", "gameId": "27", "systemId": "27", "sign": "2B56BD9B3344CC76409C5E7A045B543C", "time": 1539586716000}
2018-10-15 14:58:36,849 level-ERROR    insert mds result : {"result":"true"}
2018-10-15 14:58:36,849 level-ERROR    {"serverListStr": "[{\"gameId\": 27, \"platformId\": \"27\", \"platformAlias\": \"uc699_rxsj\", \"isCombined\": \"false\", \"configId\": 27, \"sumzone\": 3, \"unicomIp\": \"\", \"isDeleted\": \"false\", \"gameAlias\": \"bxcq\", \"iszone\": \"175\", \"serverName\": \"uc699_rxsj 179\\u670d\", \"serverIp\": \"119.29.183.236\", \"serverOrder\": \"0\", \"serverId\": \"179\", \"platformName\": \"uc699_rxsj\"}]", "gameId": "27", "systemId": "27", "sign": "2B56BD9B3344CC76409C5E7A045B543C", "time": 1539586716000}
2018-10-15 14:58:36,985 level-ERROR    insert mds result : {"result":"true"}
2018-10-15 14:58:36,986 level-ERROR    {"serverListStr": "[{\"gameId\": 27, \"platformId\": \"27\", \"platformAlias\": \"uc699_rxsj\", \"isCombined\": \"false\", \"configId\": 27, \"sumzone\": 3, \"unicomIp\": \"\", \"isDeleted\": \"false\", \"gameAlias\": \"bxcq\", \"iszone\": \"175\", \"serverName\": \"uc699_rxsj 180\\u670d\", \"serverIp\": \"119.29.183.236\", \"serverOrder\": \"0\", \"serverId\": \"180\", \"platformName\": \"uc699_rxsj\"}]", "gameId": "27", "systemId": "27", "sign": "2B56BD9B3344CC76409C5E7A045B543C", "time": 1539586716000}
2018-10-15 14:58:37,111 level-ERROR    insert mds result : {"result":"true"}
2018-10-15 14:59:46,366 level-ERROR    {"serverListStr": "[{\"gameId\": 27, \"platformId\": \"19\", \"platformAlias\": \"mayi_rxsj\", \"isCombined\": \"false\", \"configId\": 7, \"sumzone\": 3, \"unicomIp\": \"\", \"isDeleted\": \"false\", \"gameAlias\": \"bxcq\", \"iszone\": \"73\", \"serverName\": \"mayi_rxsj 73\\u670d\", \"serverIp\": \"39.105.62.143\", \"serverOrder\": \"0\", \"serverId\": \"73\", \"platformName\": \"mayi_rxsj\"}]", "gameId": "27", "systemId": "27", "sign": "67A86275D0509210CC2DB10DF925CF3A", "time": 1539586786000}
2018-10-15 14:59:46,491 level-ERROR    insert mds result : {"result":"true"}
2018-10-15 14:59:46,492 level-ERROR    {"serverListStr": "[{\"gameId\": 27, \"platformId\": \"19\", \"platformAlias\": \"mayi_rxsj\", \"isCombined\": \"false\", \"configId\": 7, \"sumzone\": 3, \"unicomIp\": \"\", \"isDeleted\": \"false\", \"gameAlias\": \"bxcq\", \"iszone\": \"73\", \"serverName\": \"mayi_rxsj 74\\u670d\", \"serverIp\": \"119.29.183.236\", \"serverOrder\": \"0\", \"serverId\": \"74\", \"platformName\": \"mayi_rxsj\"}]", "gameId": "27", "systemId": "27", "sign": "67A86275D0509210CC2DB10DF925CF3A", "time": 1539586786000}
2018-10-15 14:59:46,637 level-ERROR    insert mds result : {"result":"true"}
2018-10-15 14:59:46,637 level-ERROR    {"serverListStr": "[{\"gameId\": 27, \"platformId\": \"19\", \"platformAlias\": \"mayi_rxsj\", \"isCombined\": \"false\", \"configId\": 7, \"sumzone\": 3, \"unicomIp\": \"\", \"isDeleted\": \"false\", \"gameAlias\": \"bxcq\", \"iszone\": \"73\", \"serverName\": \"mayi_rxsj 75\\u670d\", \"serverIp\": \"119.29.183.236\", \"serverOrder\": \"0\", \"serverId\": \"75\", \"platformName\": \"mayi_rxsj\"}]", "gameId": "27", "systemId": "27", "sign": "67A86275D0509210CC2DB10DF925CF3A", "time": 1539586786000}
2018-10-15 14:59:46,758 level-ERROR    insert mds result : {"result":"true"}
2018-10-15 14:59:46,758 level-ERROR    {"serverListStr": "[{\"gameId\": 27, \"platformId\": \"19\", \"platformAlias\": \"mayi_rxsj\", \"isCombined\": \"false\", \"configId\": 7, \"sumzone\": 3, \"unicomIp\": \"\", \"isDeleted\": \"false\", \"gameAlias\": \"bxcq\", \"iszone\": \"73\", \"serverName\": \"mayi_rxsj 76\\u670d\", \"serverIp\": \"119.29.183.236\", \"serverOrder\": \"0\", \"serverId\": \"76\", \"platformName\": \"mayi_rxsj\"}]", "gameId": "27", "systemId": "27", "sign": "67A86275D0509210CC2DB10DF925CF3A", "time": 1539586786000}
2018-10-15 14:59:46,879 level-ERROR    insert mds result : {"result":"true"}
2018-10-15 14:59:46,879 level-ERROR    {"serverListStr": "[{\"gameId\": 27, \"platformId\": \"19\", \"platformAlias\": \"mayi_rxsj\", \"isCombined\": \"false\", \"configId\": 7, \"sumzone\": 3, \"unicomIp\": \"\", \"isDeleted\": \"false\", \"gameAlias\": \"bxcq\", \"iszone\": \"73\", \"serverName\": \"mayi_rxsj 77\\u670d\", \"serverIp\": \"119.29.183.236\", \"serverOrder\": \"0\", \"serverId\": \"77\", \"platformName\": \"mayi_rxsj\"}]", "gameId": "27", "systemId": "27", "sign": "67A86275D0509210CC2DB10DF925CF3A", "time": 1539586786000}
2018-10-15 14:59:47,009 level-ERROR    insert mds result : {"result":"true"}
2018-10-15 14:59:47,010 level-ERROR    {"serverListStr": "[{\"gameId\": 27, \"platformId\": \"19\", \"platformAlias\": \"mayi_rxsj\", \"isCombined\": \"false\", \"configId\": 7, \"sumzone\": 3, \"unicomIp\": \"\", \"isDeleted\": \"false\", \"gameAlias\": \"bxcq\", \"iszone\": \"73\", \"serverName\": \"mayi_rxsj 78\\u670d\", \"serverIp\": \"119.29.183.236\", \"serverOrder\": \"0\", \"serverId\": \"78\", \"platformName\": \"mayi_rxsj\"}]", "gameId": "27", "systemId": "27", "sign": "A796895A9B5493155CDADBE3D82D3921", "time": 1539586787000}
2018-10-15 14:59:47,144 level-ERROR    insert mds result : {"result":"true"}
2018-10-15 14:59:53,603 level-ERROR    zhongtao is logging and permission is [u'resetdate', u'sqlcommand', u'checkversion', u'gmcommand', u'closeserver', u'openserver', u'servermanager', u'displayresetversion', u'checkserverstat', u'bootgame', u'update_front', u'update_javascripts', u'update_java', u'ywupdate', u'ywtools', u'root']
2018-10-15 14:59:53,738 level-ERROR    AllPlatMsg is [{'gameAlias': u'bxcq', 'platformId': 2, 'platformAlias': u'qq', 'gameId': 27, 'configId': 1, 'platformName': u'qq'}, {'gameAlias': u'bxcq', 'platformId': 14, 'platformAlias': u'tencent', 'gameId': 27, 'configId': 2, 'platformName': u'tencent'}, {'gameAlias': u'bxcq', 'platformId': 16, 'platformAlias': u'bengwan_rxsj', 'gameId': 27, 'configId': 4, 'platformName': u'bengwan_rxsj'}, {'gameAlias': u'bxcq', 'platformId': 18, 'platformAlias': u'6344_rxsj', 'gameId': 27, 'configId': 6, 'platformName': u'6344_rxsj'}, {'gameAlias': u'bxcq', 'platformId': 19, 'platformAlias': u'mayi_rxsj', 'gameId': 27, 'configId': 7, 'platformName': u'mayi_rxsj'}, {'gameAlias': u'bxcq', 'platformId': 21, 'platformAlias': u'new6344_rxsj', 'gameId': 27, 'configId': 9, 'platformName': u'new6344_rxsj'}, {'gameAlias': u'bxcq', 'platformId': 26, 'platformAlias': u'306yx_rxsj', 'gameId': 27, 'configId': 26, 'platformName': u'306yx_rxsj'}, {'gameAlias': u'bxcq', 'platformId': 27, 'platformAlias': u'uc699_rxsj', 'gameId': 27, 'configId': 27, 'platformName': u'uc699_rxsj'}, {'gameAlias': u'bxcq', 'platformId': 33, 'platformAlias': u'5vwan_rxsj', 'gameId': 27, 'configId': 33, 'platformName': u'5vwan_rxsj'}, {'gameAlias': u'bxcq', 'platformId': 34, 'platformAlias': u'9hou_rxsj', 'gameId': 27, 'configId': 34, 'platformName': u'9hou_rxsj'}, {'gameAlias': u'bxcq', 'platformId': 35, 'platformAlias': u'nbengwan_rxsj', 'gameId': 27, 'configId': 35, 'platformName': u'nbengwan_rxsj'}, {'gameAlias': u'bxcq', 'platformId': 36, 'platformAlias': u'new9hou_rxsj', 'gameId': 27, 'configId': 36, 'platformName': u'new9hou_rxsj'}]
