2019-03-04 17:02:40,703 level-ERROR    huheng is logging and permission is [u'resetdate', u'sqlcommand', u'checkversion', u'gmcommand', u'closeserver', u'openserver', u'servermanager', u'displayresetversion', u'checkserverstat', u'bootgame', u'update_front', u'update_javascripts', u'update_java', u'ywupdate', u'ywtools', u'root']
2019-03-04 17:02:40,841 level-ERROR    AllPlatMsg is [{'gameAlias': u'bxcq', 'platformId': 2, 'platformAlias': u'qq', 'gameId': 27, 'configId': 1, 'platformName': u'qq'}, {'gameAlias': u'bxcq', 'platformId': 14, 'platformAlias': u'tencent', 'gameId': 27, 'configId': 2, 'platformName': u'tencent'}, {'gameAlias': u'bxcq', 'platformId': 16, 'platformAlias': u'bengwan_rxsj', 'gameId': 27, 'configId': 4, 'platformName': u'bengwan_rxsj'}, {'gameAlias': u'bxcq', 'platformId': 18, 'platformAlias': u'6344_rxsj', 'gameId': 27, 'configId': 6, 'platformName': u'6344_rxsj'}, {'gameAlias': u'bxcq', 'platformId': 19, 'platformAlias': u'mayi_rxsj', 'gameId': 27, 'configId': 7, 'platformName': u'mayi_rxsj'}, {'gameAlias': u'bxcq', 'platformId': 21, 'platformAlias': u'new6344_rxsj', 'gameId': 27, 'configId': 9, 'platformName': u'new6344_rxsj'}, {'gameAlias': u'bxcq', 'platformId': 27, 'platformAlias': u'uc699_rxsj', 'gameId': 27, 'configId': 27, 'platformName': u'uc699_rxsj'}, {'gameAlias': u'bxcq', 'platformId': 34, 'platformAlias': u'9hou_rxsj', 'gameId': 27, 'configId': 34, 'platformName': u'9hou_rxsj'}, {'gameAlias': u'bxcq', 'platformId': 35, 'platformAlias': u'nbengwan_rxsj', 'gameId': 27, 'configId': 35, 'platformName': u'nbengwan_rxsj'}, {'gameAlias': u'bxcq', 'platformId': 36, 'platformAlias': u'new9hou_rxsj', 'gameId': 27, 'configId': 36, 'platformName': u'new9hou_rxsj'}]
2019-03-04 17:04:48,478 level-ERROR    huheng is logging and permission is [u'resetdate', u'sqlcommand', u'checkversion', u'gmcommand', u'closeserver', u'openserver', u'servermanager', u'displayresetversion', u'checkserverstat', u'bootgame', u'update_front', u'update_javascripts', u'update_java', u'ywupdate', u'ywtools', u'root']
2019-03-04 17:04:48,646 level-ERROR    AllPlatMsg is [{'gameAlias': u'bxcq', 'platformId': 2, 'platformAlias': u'qq', 'gameId': 27, 'configId': 1, 'platformName': u'qq'}, {'gameAlias': u'bxcq', 'platformId': 14, 'platformAlias': u'tencent', 'gameId': 27, 'configId': 2, 'platformName': u'tencent'}, {'gameAlias': u'bxcq', 'platformId': 16, 'platformAlias': u'bengwan_rxsj', 'gameId': 27, 'configId': 4, 'platformName': u'bengwan_rxsj'}, {'gameAlias': u'bxcq', 'platformId': 18, 'platformAlias': u'6344_rxsj', 'gameId': 27, 'configId': 6, 'platformName': u'6344_rxsj'}, {'gameAlias': u'bxcq', 'platformId': 19, 'platformAlias': u'mayi_rxsj', 'gameId': 27, 'configId': 7, 'platformName': u'mayi_rxsj'}, {'gameAlias': u'bxcq', 'platformId': 21, 'platformAlias': u'new6344_rxsj', 'gameId': 27, 'configId': 9, 'platformName': u'new6344_rxsj'}, {'gameAlias': u'bxcq', 'platformId': 27, 'platformAlias': u'uc699_rxsj', 'gameId': 27, 'configId': 27, 'platformName': u'uc699_rxsj'}, {'gameAlias': u'bxcq', 'platformId': 34, 'platformAlias': u'9hou_rxsj', 'gameId': 27, 'configId': 34, 'platformName': u'9hou_rxsj'}, {'gameAlias': u'bxcq', 'platformId': 35, 'platformAlias': u'nbengwan_rxsj', 'gameId': 27, 'configId': 35, 'platformName': u'nbengwan_rxsj'}, {'gameAlias': u'bxcq', 'platformId': 36, 'platformAlias': u'new9hou_rxsj', 'gameId': 27, 'configId': 36, 'platformName': u'new9hou_rxsj'}]
2019-03-04 17:06:09,942 level-ERROR    luoguoling is logging and permission is [u'resetdate', u'sqlcommand', u'checkversion', u'gmcommand', u'closeserver', u'openserver', u'servermanager', u'displayresetversion', u'checkserverstat', u'bootgame', u'update_front', u'update_javascripts', u'update_java', u'ywupdate', u'ywtools', u'javalog', u'phplog', u'logs', u'permission', u'role', u'user', u'system', u'root']
2019-03-04 17:06:10,073 level-ERROR    AllPlatMsg is [{'gameAlias': u'bxcq', 'platformId': 2, 'platformAlias': u'qq', 'gameId': 27, 'configId': 1, 'platformName': u'qq'}, {'gameAlias': u'bxcq', 'platformId': 14, 'platformAlias': u'tencent', 'gameId': 27, 'configId': 2, 'platformName': u'tencent'}, {'gameAlias': u'bxcq', 'platformId': 16, 'platformAlias': u'bengwan_rxsj', 'gameId': 27, 'configId': 4, 'platformName': u'bengwan_rxsj'}, {'gameAlias': u'bxcq', 'platformId': 18, 'platformAlias': u'6344_rxsj', 'gameId': 27, 'configId': 6, 'platformName': u'6344_rxsj'}, {'gameAlias': u'bxcq', 'platformId': 19, 'platformAlias': u'mayi_rxsj', 'gameId': 27, 'configId': 7, 'platformName': u'mayi_rxsj'}, {'gameAlias': u'bxcq', 'platformId': 21, 'platformAlias': u'new6344_rxsj', 'gameId': 27, 'configId': 9, 'platformName': u'new6344_rxsj'}, {'gameAlias': u'bxcq', 'platformId': 27, 'platformAlias': u'uc699_rxsj', 'gameId': 27, 'configId': 27, 'platformName': u'uc699_rxsj'}, {'gameAlias': u'bxcq', 'platformId': 34, 'platformAlias': u'9hou_rxsj', 'gameId': 27, 'configId': 34, 'platformName': u'9hou_rxsj'}, {'gameAlias': u'bxcq', 'platformId': 35, 'platformAlias': u'nbengwan_rxsj', 'gameId': 27, 'configId': 35, 'platformName': u'nbengwan_rxsj'}, {'gameAlias': u'bxcq', 'platformId': 36, 'platformAlias': u'new9hou_rxsj', 'gameId': 27, 'configId': 36, 'platformName': u'new9hou_rxsj'}]
2019-03-04 17:07:07,491 level-ERROR    Exception on /shutdownByServers [POST]
Traceback (most recent call last):
  File "/usr/lib/python2.6/site-packages/flask/app.py", line 1982, in wsgi_app
    response = self.full_dispatch_request()
  File "/usr/lib/python2.6/site-packages/flask/app.py", line 1614, in full_dispatch_request
    rv = self.handle_user_exception(e)
  File "/usr/lib/python2.6/site-packages/flask/app.py", line 1517, in handle_user_exception
    reraise(exc_type, exc_value, tb)
  File "/usr/lib/python2.6/site-packages/flask/app.py", line 1612, in full_dispatch_request
    rv = self.dispatch_request()
  File "/usr/lib/python2.6/site-packages/flask/app.py", line 1598, in dispatch_request
    return self.view_functions[rule.endpoint](**req.view_args)
  File "/data/BxcqMloms/app/decorators.py", line 19, in decorated_view
    return func(*args,**kwargs)
  File "/data/BxcqMloms/app/decorators.py", line 9, in decorated_function
    return func(*args,**kwargs)
  File "/data/BxcqMloms/app/shutdowngame/views.py", line 72, in shutdownByServers
    checkResultJson = json.loads(checkResult)
  File "/usr/lib/python2.6/site-packages/flask/json.py", line 146, in loads
    return _json.loads(s, **kwargs)
  File "/usr/lib64/python2.6/json/__init__.py", line 318, in loads
    return cls(encoding=encoding, **kw).decode(s)
  File "/usr/lib64/python2.6/json/decoder.py", line 319, in decode
    obj, end = self.raw_decode(s, idx=_w(s, 0).end())
  File "/usr/lib64/python2.6/json/decoder.py", line 338, in raw_decode
    raise ValueError("No JSON object could be decoded")
ValueError: No JSON object could be decoded
2019-03-04 17:07:07,491 level-ERROR    Exception on /checkState [POST]
Traceback (most recent call last):
  File "/usr/lib/python2.6/site-packages/flask/app.py", line 1982, in wsgi_app
    response = self.full_dispatch_request()
  File "/usr/lib/python2.6/site-packages/flask/app.py", line 1614, in full_dispatch_request
    rv = self.handle_user_exception(e)
  File "/usr/lib/python2.6/site-packages/flask/app.py", line 1517, in handle_user_exception
    reraise(exc_type, exc_value, tb)
  File "/usr/lib/python2.6/site-packages/flask/app.py", line 1612, in full_dispatch_request
    rv = self.dispatch_request()
  File "/usr/lib/python2.6/site-packages/flask/app.py", line 1598, in dispatch_request
    return self.view_functions[rule.endpoint](**req.view_args)
  File "/data/BxcqMloms/app/decorators.py", line 19, in decorated_view
    return func(*args,**kwargs)
  File "/data/BxcqMloms/app/decorators.py", line 9, in decorated_function
    return func(*args,**kwargs)
  File "/data/BxcqMloms/app/ywtools/views.py", line 486, in checkState
    checkResultJson = json.loads(checkResult)
  File "/usr/lib/python2.6/site-packages/flask/json.py", line 146, in loads
    return _json.loads(s, **kwargs)
  File "/usr/lib64/python2.6/json/__init__.py", line 318, in loads
    return cls(encoding=encoding, **kw).decode(s)
  File "/usr/lib64/python2.6/json/decoder.py", line 319, in decode
    obj, end = self.raw_decode(s, idx=_w(s, 0).end())
  File "/usr/lib64/python2.6/json/decoder.py", line 338, in raw_decode
    raise ValueError("No JSON object could be decoded")
ValueError: No JSON object could be decoded
2019-03-04 17:07:17,266 level-ERROR    luoguoling is logging and permission is [u'resetdate', u'sqlcommand', u'checkversion', u'gmcommand', u'closeserver', u'openserver', u'servermanager', u'displayresetversion', u'checkserverstat', u'bootgame', u'update_front', u'update_javascripts', u'update_java', u'ywupdate', u'ywtools', u'javalog', u'phplog', u'logs', u'permission', u'role', u'user', u'system', u'root']
2019-03-04 17:07:17,388 level-ERROR    AllPlatMsg is [{'gameAlias': u'bxcq', 'platformId': 2, 'platformAlias': u'qq', 'gameId': 27, 'configId': 1, 'platformName': u'qq'}, {'gameAlias': u'bxcq', 'platformId': 14, 'platformAlias': u'tencent', 'gameId': 27, 'configId': 2, 'platformName': u'tencent'}, {'gameAlias': u'bxcq', 'platformId': 16, 'platformAlias': u'bengwan_rxsj', 'gameId': 27, 'configId': 4, 'platformName': u'bengwan_rxsj'}, {'gameAlias': u'bxcq', 'platformId': 18, 'platformAlias': u'6344_rxsj', 'gameId': 27, 'configId': 6, 'platformName': u'6344_rxsj'}, {'gameAlias': u'bxcq', 'platformId': 19, 'platformAlias': u'mayi_rxsj', 'gameId': 27, 'configId': 7, 'platformName': u'mayi_rxsj'}, {'gameAlias': u'bxcq', 'platformId': 21, 'platformAlias': u'new6344_rxsj', 'gameId': 27, 'configId': 9, 'platformName': u'new6344_rxsj'}, {'gameAlias': u'bxcq', 'platformId': 27, 'platformAlias': u'uc699_rxsj', 'gameId': 27, 'configId': 27, 'platformName': u'uc699_rxsj'}, {'gameAlias': u'bxcq', 'platformId': 34, 'platformAlias': u'9hou_rxsj', 'gameId': 27, 'configId': 34, 'platformName': u'9hou_rxsj'}, {'gameAlias': u'bxcq', 'platformId': 35, 'platformAlias': u'nbengwan_rxsj', 'gameId': 27, 'configId': 35, 'platformName': u'nbengwan_rxsj'}, {'gameAlias': u'bxcq', 'platformId': 36, 'platformAlias': u'new9hou_rxsj', 'gameId': 27, 'configId': 36, 'platformName': u'new9hou_rxsj'}]
2019-03-04 17:07:48,481 level-ERROR    huheng is logging and permission is [u'resetdate', u'sqlcommand', u'checkversion', u'gmcommand', u'closeserver', u'openserver', u'servermanager', u'displayresetversion', u'checkserverstat', u'bootgame', u'update_front', u'update_javascripts', u'update_java', u'ywupdate', u'ywtools', u'root']
2019-03-04 17:07:48,614 level-ERROR    AllPlatMsg is [{'gameAlias': u'bxcq', 'platformId': 2, 'platformAlias': u'qq', 'gameId': 27, 'configId': 1, 'platformName': u'qq'}, {'gameAlias': u'bxcq', 'platformId': 14, 'platformAlias': u'tencent', 'gameId': 27, 'configId': 2, 'platformName': u'tencent'}, {'gameAlias': u'bxcq', 'platformId': 16, 'platformAlias': u'bengwan_rxsj', 'gameId': 27, 'configId': 4, 'platformName': u'bengwan_rxsj'}, {'gameAlias': u'bxcq', 'platformId': 18, 'platformAlias': u'6344_rxsj', 'gameId': 27, 'configId': 6, 'platformName': u'6344_rxsj'}, {'gameAlias': u'bxcq', 'platformId': 19, 'platformAlias': u'mayi_rxsj', 'gameId': 27, 'configId': 7, 'platformName': u'mayi_rxsj'}, {'gameAlias': u'bxcq', 'platformId': 21, 'platformAlias': u'new6344_rxsj', 'gameId': 27, 'configId': 9, 'platformName': u'new6344_rxsj'}, {'gameAlias': u'bxcq', 'platformId': 27, 'platformAlias': u'uc699_rxsj', 'gameId': 27, 'configId': 27, 'platformName': u'uc699_rxsj'}, {'gameAlias': u'bxcq', 'platformId': 34, 'platformAlias': u'9hou_rxsj', 'gameId': 27, 'configId': 34, 'platformName': u'9hou_rxsj'}, {'gameAlias': u'bxcq', 'platformId': 35, 'platformAlias': u'nbengwan_rxsj', 'gameId': 27, 'configId': 35, 'platformName': u'nbengwan_rxsj'}, {'gameAlias': u'bxcq', 'platformId': 36, 'platformAlias': u'new9hou_rxsj', 'gameId': 27, 'configId': 36, 'platformName': u'new9hou_rxsj'}]
2019-03-04 17:10:38,688 level-ERROR    zhongtao is logging and permission is [u'resetdate', u'sqlcommand', u'checkversion', u'gmcommand', u'closeserver', u'openserver', u'servermanager', u'displayresetversion', u'checkserverstat', u'bootgame', u'update_front', u'update_javascripts', u'update_java', u'ywupdate', u'ywtools', u'root']
2019-03-04 17:10:38,808 level-ERROR    AllPlatMsg is [{'gameAlias': u'bxcq', 'platformId': 2, 'platformAlias': u'qq', 'gameId': 27, 'configId': 1, 'platformName': u'qq'}, {'gameAlias': u'bxcq', 'platformId': 14, 'platformAlias': u'tencent', 'gameId': 27, 'configId': 2, 'platformName': u'tencent'}, {'gameAlias': u'bxcq', 'platformId': 16, 'platformAlias': u'bengwan_rxsj', 'gameId': 27, 'configId': 4, 'platformName': u'bengwan_rxsj'}, {'gameAlias': u'bxcq', 'platformId': 18, 'platformAlias': u'6344_rxsj', 'gameId': 27, 'configId': 6, 'platformName': u'6344_rxsj'}, {'gameAlias': u'bxcq', 'platformId': 19, 'platformAlias': u'mayi_rxsj', 'gameId': 27, 'configId': 7, 'platformName': u'mayi_rxsj'}, {'gameAlias': u'bxcq', 'platformId': 21, 'platformAlias': u'new6344_rxsj', 'gameId': 27, 'configId': 9, 'platformName': u'new6344_rxsj'}, {'gameAlias': u'bxcq', 'platformId': 27, 'platformAlias': u'uc699_rxsj', 'gameId': 27, 'configId': 27, 'platformName': u'uc699_rxsj'}, {'gameAlias': u'bxcq', 'platformId': 34, 'platformAlias': u'9hou_rxsj', 'gameId': 27, 'configId': 34, 'platformName': u'9hou_rxsj'}, {'gameAlias': u'bxcq', 'platformId': 35, 'platformAlias': u'nbengwan_rxsj', 'gameId': 27, 'configId': 35, 'platformName': u'nbengwan_rxsj'}, {'gameAlias': u'bxcq', 'platformId': 36, 'platformAlias': u'new9hou_rxsj', 'gameId': 27, 'configId': 36, 'platformName': u'new9hou_rxsj'}]
